[debug] [2022-08-08T17:48:36.177Z] ----------------------------------------------------------------------
[debug] [2022-08-08T17:48:36.180Z] Command:       C:\Program Files\nodejs\node.exe C:\Users\mohamed\AppData\Roaming\npm\node_modules\firebase-tools\lib\bin\firebase.js deploy --only functions
[debug] [2022-08-08T17:48:36.180Z] CLI Version:   11.5.0
[debug] [2022-08-08T17:48:36.180Z] Platform:      win32
[debug] [2022-08-08T17:48:36.180Z] Node Version:  v16.15.0
[debug] [2022-08-08T17:48:36.181Z] Time:          Mon Aug 08 2022 19:48:36 GMT+0200 (توقيت شرق أوروبا الرسمي)
[debug] [2022-08-08T17:48:36.182Z] ----------------------------------------------------------------------
[debug] 
[debug] [2022-08-08T17:48:36.254Z] > command requires scopes: ["email","openid","https://www.googleapis.com/auth/cloudplatformprojects.readonly","https://www.googleapis.com/auth/firebase","https://www.googleapis.com/auth/cloud-platform"]
[debug] [2022-08-08T17:48:36.254Z] > authorizing via signed-in user (magdy9854@gmail.com)
[debug] [2022-08-08T17:48:36.255Z] [iam] checking project iot-sample-358611 for permissions ["cloudfunctions.functions.create","cloudfunctions.functions.delete","cloudfunctions.functions.get","cloudfunctions.functions.list","cloudfunctions.functions.update","cloudfunctions.operations.get","firebase.projects.get"]
[debug] [2022-08-08T17:48:36.257Z] >>> [apiv2][query] POST https://cloudresourcemanager.googleapis.com/v1/projects/iot-sample-358611:testIamPermissions [none]
[debug] [2022-08-08T17:48:36.257Z] >>> [apiv2][(partial)header] POST https://cloudresourcemanager.googleapis.com/v1/projects/iot-sample-358611:testIamPermissions x-goog-quota-user=projects/iot-sample-358611
[debug] [2022-08-08T17:48:36.258Z] >>> [apiv2][body] POST https://cloudresourcemanager.googleapis.com/v1/projects/iot-sample-358611:testIamPermissions {"permissions":["cloudfunctions.functions.create","cloudfunctions.functions.delete","cloudfunctions.functions.get","cloudfunctions.functions.list","cloudfunctions.functions.update","cloudfunctions.operations.get","firebase.projects.get"]}
[debug] [2022-08-08T17:48:37.104Z] <<< [apiv2][status] POST https://cloudresourcemanager.googleapis.com/v1/projects/iot-sample-358611:testIamPermissions 200
[debug] [2022-08-08T17:48:37.104Z] <<< [apiv2][body] POST https://cloudresourcemanager.googleapis.com/v1/projects/iot-sample-358611:testIamPermissions {"permissions":["cloudfunctions.functions.create","cloudfunctions.functions.delete","cloudfunctions.functions.get","cloudfunctions.functions.list","cloudfunctions.functions.update","cloudfunctions.operations.get","firebase.projects.get"]}
[debug] [2022-08-08T17:48:37.104Z] >>> [apiv2][query] POST https://iam.googleapis.com/v1/projects/iot-sample-358611/serviceAccounts/iot-sample-358611@appspot.gserviceaccount.com:testIamPermissions [none]
[debug] [2022-08-08T17:48:37.104Z] >>> [apiv2][body] POST https://iam.googleapis.com/v1/projects/iot-sample-358611/serviceAccounts/iot-sample-358611@appspot.gserviceaccount.com:testIamPermissions {"permissions":["iam.serviceAccounts.actAs"]}
[debug] [2022-08-08T17:48:37.860Z] <<< [apiv2][status] POST https://iam.googleapis.com/v1/projects/iot-sample-358611/serviceAccounts/iot-sample-358611@appspot.gserviceaccount.com:testIamPermissions 200
[debug] [2022-08-08T17:48:37.861Z] <<< [apiv2][body] POST https://iam.googleapis.com/v1/projects/iot-sample-358611/serviceAccounts/iot-sample-358611@appspot.gserviceaccount.com:testIamPermissions {"permissions":["iam.serviceAccounts.actAs"]}
[info] 
[info] === Deploying to 'iot-sample-358611'...
[info] 
[info] i  deploying functions 
[debug] [2022-08-08T17:48:37.866Z] >>> [apiv2][query] GET https://firebase.googleapis.com/v1beta1/projects/iot-sample-358611 [none]
[debug] [2022-08-08T17:48:38.283Z] <<< [apiv2][status] GET https://firebase.googleapis.com/v1beta1/projects/iot-sample-358611 200
[debug] [2022-08-08T17:48:38.283Z] <<< [apiv2][body] GET https://firebase.googleapis.com/v1beta1/projects/iot-sample-358611 {"projectId":"iot-sample-358611","projectNumber":"397387907263","displayName":"iot-sample","name":"projects/iot-sample-358611","resources":{"hostingSite":"iot-sample-358611","storageBucket":"iot-sample-358611.appspot.com","locationId":"europe-west"},"state":"ACTIVE","etag":"1_9d23d2d8-1922-4f98-a266-3cb10361526c"}
[info] i  functions: ensuring required API cloudfunctions.googleapis.com is enabled... 
[info] i  functions: ensuring required API cloudbuild.googleapis.com is enabled... 
[info] i  artifactregistry: ensuring required API artifactregistry.googleapis.com is enabled... 
[debug] [2022-08-08T17:48:38.287Z] >>> [apiv2][query] GET https://serviceusage.googleapis.com/v1/projects/iot-sample-358611/services/cloudfunctions.googleapis.com [none]
[debug] [2022-08-08T17:48:38.288Z] >>> [apiv2][query] GET https://serviceusage.googleapis.com/v1/projects/iot-sample-358611/services/runtimeconfig.googleapis.com [none]
[debug] [2022-08-08T17:48:38.289Z] >>> [apiv2][query] GET https://serviceusage.googleapis.com/v1/projects/iot-sample-358611/services/cloudbuild.googleapis.com [none]
[debug] [2022-08-08T17:48:38.290Z] >>> [apiv2][query] GET https://serviceusage.googleapis.com/v1/projects/iot-sample-358611/services/artifactregistry.googleapis.com [none]
[debug] [2022-08-08T17:48:39.287Z] <<< [apiv2][status] GET https://serviceusage.googleapis.com/v1/projects/iot-sample-358611/services/runtimeconfig.googleapis.com 200
[debug] [2022-08-08T17:48:39.287Z] <<< [apiv2][body] GET https://serviceusage.googleapis.com/v1/projects/iot-sample-358611/services/runtimeconfig.googleapis.com [omitted]
[debug] [2022-08-08T17:48:39.312Z] <<< [apiv2][status] GET https://serviceusage.googleapis.com/v1/projects/iot-sample-358611/services/cloudfunctions.googleapis.com 200
[debug] [2022-08-08T17:48:39.312Z] <<< [apiv2][body] GET https://serviceusage.googleapis.com/v1/projects/iot-sample-358611/services/cloudfunctions.googleapis.com [omitted]
[info] +  functions: required API cloudfunctions.googleapis.com is enabled 
[debug] [2022-08-08T17:48:39.321Z] <<< [apiv2][status] GET https://serviceusage.googleapis.com/v1/projects/iot-sample-358611/services/cloudbuild.googleapis.com 200
[debug] [2022-08-08T17:48:39.321Z] <<< [apiv2][body] GET https://serviceusage.googleapis.com/v1/projects/iot-sample-358611/services/cloudbuild.googleapis.com [omitted]
[info] +  functions: required API cloudbuild.googleapis.com is enabled 
[debug] [2022-08-08T17:48:39.322Z] <<< [apiv2][status] GET https://serviceusage.googleapis.com/v1/projects/iot-sample-358611/services/artifactregistry.googleapis.com 200
[debug] [2022-08-08T17:48:39.323Z] <<< [apiv2][body] GET https://serviceusage.googleapis.com/v1/projects/iot-sample-358611/services/artifactregistry.googleapis.com [omitted]
[info] +  artifactregistry: required API artifactregistry.googleapis.com is enabled 
[debug] [2022-08-08T17:48:39.324Z] >>> [apiv2][query] GET https://firebase.googleapis.com/v1beta1/projects/iot-sample-358611/adminSdkConfig [none]
[debug] [2022-08-08T17:48:39.688Z] <<< [apiv2][status] GET https://firebase.googleapis.com/v1beta1/projects/iot-sample-358611/adminSdkConfig 200
[debug] [2022-08-08T17:48:39.688Z] <<< [apiv2][body] GET https://firebase.googleapis.com/v1beta1/projects/iot-sample-358611/adminSdkConfig {"projectId":"iot-sample-358611","storageBucket":"iot-sample-358611.appspot.com","locationId":"europe-west"}
[debug] [2022-08-08T17:48:39.689Z] >>> [apiv2][query] GET https://runtimeconfig.googleapis.com/v1beta1/projects/iot-sample-358611/configs [none]
[debug] [2022-08-08T17:48:40.073Z] <<< [apiv2][status] GET https://runtimeconfig.googleapis.com/v1beta1/projects/iot-sample-358611/configs 200
[debug] [2022-08-08T17:48:40.073Z] <<< [apiv2][body] GET https://runtimeconfig.googleapis.com/v1beta1/projects/iot-sample-358611/configs {}
[info] i  functions: preparing codebase default for deployment 
[debug] [2022-08-08T17:48:40.075Z] Validating nodejs source
[debug] [2022-08-08T17:48:42.799Z] > [functions] package.json contents: {
  "name": "functions",
  "description": "Cloud Functions for Firebase",
  "scripts": {
    "serve": "firebase emulators:start --only functions",
    "shell": "firebase functions:shell",
    "start": "npm run shell",
    "deploy": "firebase deploy --only functions",
    "logs": "firebase functions:log"
  },
  "engines": {
    "node": "16"
  },
  "main": "index.js",
  "dependencies": {
    "firebase-admin": "^10.0.2",
    "firebase-functions": "^3.18.0"
  },
  "devDependencies": {
    "firebase-functions-test": "^0.2.0"
  },
  "private": true
}
[debug] [2022-08-08T17:48:42.799Z] Building nodejs source
[debug] [2022-08-08T17:48:42.800Z] Could not find functions.yaml. Must use http discovery
[debug] [2022-08-08T17:48:43.032Z] Serving at port 9005

[debug] [2022-08-08T17:48:43.130Z] Got response from /__/functions.yaml {"endpoints":{"createVideoThumb":{"platform":"gcfv1","eventTrigger":{"eventType":"google.storage.object.finalize","eventFilters":{"resource":"projects/_/buckets/iot-sample-358611.appspot.com"},"retry":false},"labels":{},"entryPoint":"createVideoThumb"}},"specVersion":"v1alpha1","requiredAPIs":[]}
[debug] [2022-08-08T17:48:43.140Z] shutdown requested via /__/quitquitquit

[info] i  functions: preparing functions directory for uploading... 
[info] i  functions: packaged F:\task\welnes-task\functions (55.16 KB) for uploading 
[debug] [2022-08-08T17:48:43.239Z] >>> [apiv2][query] GET https://cloudfunctions.googleapis.com/v1/projects/iot-sample-358611/locations/-/functions [none]
[debug] [2022-08-08T17:48:43.973Z] <<< [apiv2][status] GET https://cloudfunctions.googleapis.com/v1/projects/iot-sample-358611/locations/-/functions 200
[debug] [2022-08-08T17:48:43.973Z] <<< [apiv2][body] GET https://cloudfunctions.googleapis.com/v1/projects/iot-sample-358611/locations/-/functions {}
[debug] [2022-08-08T17:48:43.974Z] >>> [apiv2][query] GET https://cloudfunctions.googleapis.com/v2alpha/projects/iot-sample-358611/locations/-/functions [none]
[debug] [2022-08-08T17:48:45.087Z] <<< [apiv2][status] GET https://cloudfunctions.googleapis.com/v2alpha/projects/iot-sample-358611/locations/-/functions 200
[debug] [2022-08-08T17:48:45.087Z] <<< [apiv2][body] GET https://cloudfunctions.googleapis.com/v2alpha/projects/iot-sample-358611/locations/-/functions {}
[debug] [2022-08-08T17:48:45.094Z] >>> [apiv2][query] GET https://firebase.googleapis.com/v1beta1/projects/iot-sample-358611 [none]
[debug] [2022-08-08T17:48:45.475Z] <<< [apiv2][status] GET https://firebase.googleapis.com/v1beta1/projects/iot-sample-358611 200
[debug] [2022-08-08T17:48:45.475Z] <<< [apiv2][body] GET https://firebase.googleapis.com/v1beta1/projects/iot-sample-358611 {"projectId":"iot-sample-358611","projectNumber":"397387907263","displayName":"iot-sample","name":"projects/iot-sample-358611","resources":{"hostingSite":"iot-sample-358611","storageBucket":"iot-sample-358611.appspot.com","locationId":"europe-west"},"state":"ACTIVE","etag":"1_9d23d2d8-1922-4f98-a266-3cb10361526c"}
[debug] [2022-08-08T17:48:45.476Z] >>> [apiv2][query] POST https://cloudfunctions.googleapis.com/v1/projects/iot-sample-358611/locations/us-central1/functions:generateUploadUrl [none]
[debug] [2022-08-08T17:48:45.476Z] >>> [apiv2][body] POST https://cloudfunctions.googleapis.com/v1/projects/iot-sample-358611/locations/us-central1/functions:generateUploadUrl {}
[debug] [2022-08-08T17:48:46.118Z] <<< [apiv2][status] POST https://cloudfunctions.googleapis.com/v1/projects/iot-sample-358611/locations/us-central1/functions:generateUploadUrl 200
[debug] [2022-08-08T17:48:46.118Z] <<< [apiv2][body] POST https://cloudfunctions.googleapis.com/v1/projects/iot-sample-358611/locations/us-central1/functions:generateUploadUrl {"uploadUrl":"https://storage.googleapis.com/uploads-812373794119.us-central1.cloudfunctions.appspot.com/65b48191-b7f9-41f7-8972-366652360c97.zip?GoogleAccessId=service-397387907263@gcf-admin-robot.iam.gserviceaccount.com&Expires=1660069129&Signature=EKkcQs668x5DldD%2Bz61eAoBTpKmcQOE28epygq3gvYaPNhk8Ex89l3%2FE6b0QyuSTXnfjxhF9SGhiv%2FfhC6njL3Ip0ZSc5%2B5I73E3iCU7X7%2BRRlHg8ci29gKhdk26BUYw1a%2FZjxqYDeZ8vViD0WJFeVchYrQsy4cbdGL0MH%2F9Ro%2BWVqjFs1XRgJ6EGvauF1Posci7l4EbS7OkuAZRoQCflAcIwRhzyR%2BO0ikefc4OCDK254V7goy3Tv1vSsK6uD9a6DFmnmMnfIevOtZud275DFvH81aPhKr1jpzQXj7K5D9EFCeyKWW8a%2FJcth3eYeEbJ59btu0Xu3Yg0O1YRFTPcg%3D%3D"}
[debug] [2022-08-08T17:48:46.119Z] >>> [apiv2][query] PUT https://storage.googleapis.com/uploads-812373794119.us-central1.cloudfunctions.appspot.com/65b48191-b7f9-41f7-8972-366652360c97.zip GoogleAccessId=service-397387907263%40gcf-admin-robot.iam.gserviceaccount.com&Expires=1660069129&Signature=EKkcQs668x5DldD%2Bz61eAoBTpKmcQOE28epygq3gvYaPNhk8Ex89l3%2FE6b0QyuSTXnfjxhF9SGhiv%2FfhC6njL3Ip0ZSc5%2B5I73E3iCU7X7%2BRRlHg8ci29gKhdk26BUYw1a%2FZjxqYDeZ8vViD0WJFeVchYrQsy4cbdGL0MH%2F9Ro%2BWVqjFs1XRgJ6EGvauF1Posci7l4EbS7OkuAZRoQCflAcIwRhzyR%2BO0ikefc4OCDK254V7goy3Tv1vSsK6uD9a6DFmnmMnfIevOtZud275DFvH81aPhKr1jpzQXj7K5D9EFCeyKWW8a%2FJcth3eYeEbJ59btu0Xu3Yg0O1YRFTPcg%3D%3D
[debug] [2022-08-08T17:48:46.119Z] >>> [apiv2][body] PUT https://storage.googleapis.com/uploads-812373794119.us-central1.cloudfunctions.appspot.com/65b48191-b7f9-41f7-8972-366652360c97.zip [stream]
[debug] [2022-08-08T17:48:47.153Z] <<< [apiv2][status] PUT https://storage.googleapis.com/uploads-812373794119.us-central1.cloudfunctions.appspot.com/65b48191-b7f9-41f7-8972-366652360c97.zip 200
[debug] [2022-08-08T17:48:47.154Z] <<< [apiv2][body] PUT https://storage.googleapis.com/uploads-812373794119.us-central1.cloudfunctions.appspot.com/65b48191-b7f9-41f7-8972-366652360c97.zip [omitted]
[info] +  functions: functions folder uploaded successfully 
[info] i  functions: creating Node.js 16 function createVideoThumb(us-central1)... 
[debug] [2022-08-08T17:48:47.160Z] >>> [apiv2][query] POST https://cloudfunctions.googleapis.com/v1/projects/iot-sample-358611/locations/us-central1/functions [none]
[debug] [2022-08-08T17:48:47.160Z] >>> [apiv2][body] POST https://cloudfunctions.googleapis.com/v1/projects/iot-sample-358611/locations/us-central1/functions {"name":"projects/iot-sample-358611/locations/us-central1/functions/createVideoThumb","sourceUploadUrl":"https://storage.googleapis.com/uploads-812373794119.us-central1.cloudfunctions.appspot.com/65b48191-b7f9-41f7-8972-366652360c97.zip?GoogleAccessId=service-397387907263@gcf-admin-robot.iam.gserviceaccount.com&Expires=1660069129&Signature=EKkcQs668x5DldD%2Bz61eAoBTpKmcQOE28epygq3gvYaPNhk8Ex89l3%2FE6b0QyuSTXnfjxhF9SGhiv%2FfhC6njL3Ip0ZSc5%2B5I73E3iCU7X7%2BRRlHg8ci29gKhdk26BUYw1a%2FZjxqYDeZ8vViD0WJFeVchYrQsy4cbdGL0MH%2F9Ro%2BWVqjFs1XRgJ6EGvauF1Posci7l4EbS7OkuAZRoQCflAcIwRhzyR%2BO0ikefc4OCDK254V7goy3Tv1vSsK6uD9a6DFmnmMnfIevOtZud275DFvH81aPhKr1jpzQXj7K5D9EFCeyKWW8a%2FJcth3eYeEbJ59btu0Xu3Yg0O1YRFTPcg%3D%3D","entryPoint":"createVideoThumb","runtime":"nodejs16","dockerRegistry":"ARTIFACT_REGISTRY","labels":{"deployment-tool":"cli-firebase"},"eventTrigger":{"eventType":"google.storage.object.finalize","resource":"projects/_/buckets/iot-sample-358611.appspot.com"},"environmentVariables":{"FIREBASE_CONFIG":"{\"projectId\":\"iot-sample-358611\",\"storageBucket\":\"iot-sample-358611.appspot.com\",\"locationId\":\"europe-west\"}","GCLOUD_PROJECT":"iot-sample-358611"}}
[debug] [2022-08-08T17:48:47.880Z] <<< [apiv2][status] POST https://cloudfunctions.googleapis.com/v1/projects/iot-sample-358611/locations/us-central1/functions 200
[debug] [2022-08-08T17:48:47.880Z] <<< [apiv2][body] POST https://cloudfunctions.googleapis.com/v1/projects/iot-sample-358611/locations/us-central1/functions {"name":"operations/aW90LXNhbXBsZS0zNTg2MTEvdXMtY2VudHJhbDEvY3JlYXRlVmlkZW9UaHVtYi9wcEl0QW91akVqYw","metadata":{"@type":"type.googleapis.com/google.cloud.functions.v1.OperationMetadataV1","target":"projects/iot-sample-358611/locations/us-central1/functions/createVideoThumb","type":"CREATE_FUNCTION","request":{"@type":"type.googleapis.com/google.cloud.functions.v1.CloudFunction","name":"projects/iot-sample-358611/locations/us-central1/functions/createVideoThumb","eventTrigger":{"eventType":"google.storage.object.finalize","resource":"projects/_/buckets/iot-sample-358611.appspot.com"},"entryPoint":"createVideoThumb","labels":{"deployment-tool":"cli-firebase"},"sourceUploadUrl":"https://storage.googleapis.com/uploads-812373794119.us-central1.cloudfunctions.appspot.com/65b48191-b7f9-41f7-8972-366652360c97.zip?GoogleAccessId=service-397387907263@gcf-admin-robot.iam.gserviceaccount.com&Expires=1660069129&Signature=EKkcQs668x5DldD%2Bz61eAoBTpKmcQOE28epygq3gvYaPNhk8Ex89l3%2FE6b0QyuSTXnfjxhF9SGhiv%2FfhC6njL3Ip0ZSc5%2B5I73E3iCU7X7%2BRRlHg8ci29gKhdk26BUYw1a%2FZjxqYDeZ8vViD0WJFeVchYrQsy4cbdGL0MH%2F9Ro%2BWVqjFs1XRgJ6EGvauF1Posci7l4EbS7OkuAZRoQCflAcIwRhzyR%2BO0ikefc4OCDK254V7goy3Tv1vSsK6uD9a6DFmnmMnfIevOtZud275DFvH81aPhKr1jpzQXj7K5D9EFCeyKWW8a%2FJcth3eYeEbJ59btu0Xu3Yg0O1YRFTPcg%3D%3D","environmentVariables":{"FIREBASE_CONFIG":"{\"projectId\":\"iot-sample-358611\",\"storageBucket\":\"iot-sample-358611.appspot.com\",\"locationId\":\"europe-west\"}","GCLOUD_PROJECT":"iot-sample-358611"},"runtime":"nodejs16","dockerRegistry":"ARTIFACT_REGISTRY"},"versionId":"1","updateTime":"2022-08-09T17:48:51Z"}}
[debug] [2022-08-08T17:48:47.881Z] >>> [apiv2][query] GET https://cloudfunctions.googleapis.com/v1/operations/aW90LXNhbXBsZS0zNTg2MTEvdXMtY2VudHJhbDEvY3JlYXRlVmlkZW9UaHVtYi9wcEl0QW91akVqYw [none]
[debug] [2022-08-08T17:48:48.295Z] <<< [apiv2][status] GET https://cloudfunctions.googleapis.com/v1/operations/aW90LXNhbXBsZS0zNTg2MTEvdXMtY2VudHJhbDEvY3JlYXRlVmlkZW9UaHVtYi9wcEl0QW91akVqYw 200
[debug] [2022-08-08T17:48:48.295Z] <<< [apiv2][body] GET https://cloudfunctions.googleapis.com/v1/operations/aW90LXNhbXBsZS0zNTg2MTEvdXMtY2VudHJhbDEvY3JlYXRlVmlkZW9UaHVtYi9wcEl0QW91akVqYw {"name":"operations/aW90LXNhbXBsZS0zNTg2MTEvdXMtY2VudHJhbDEvY3JlYXRlVmlkZW9UaHVtYi9wcEl0QW91akVqYw","metadata":{"@type":"type.googleapis.com/google.cloud.functions.v1.OperationMetadataV1","target":"projects/iot-sample-358611/locations/us-central1/functions/createVideoThumb","type":"CREATE_FUNCTION","request":{"@type":"type.googleapis.com/google.cloud.functions.v1.CloudFunction","name":"projects/iot-sample-358611/locations/us-central1/functions/createVideoThumb","eventTrigger":{"eventType":"google.storage.object.finalize","resource":"projects/_/buckets/iot-sample-358611.appspot.com"},"entryPoint":"createVideoThumb","labels":{"deployment-tool":"cli-firebase"},"sourceUploadUrl":"https://storage.googleapis.com/uploads-812373794119.us-central1.cloudfunctions.appspot.com/65b48191-b7f9-41f7-8972-366652360c97.zip?GoogleAccessId=service-397387907263@gcf-admin-robot.iam.gserviceaccount.com&Expires=1660069129&Signature=EKkcQs668x5DldD%2Bz61eAoBTpKmcQOE28epygq3gvYaPNhk8Ex89l3%2FE6b0QyuSTXnfjxhF9SGhiv%2FfhC6njL3Ip0ZSc5%2B5I73E3iCU7X7%2BRRlHg8ci29gKhdk26BUYw1a%2FZjxqYDeZ8vViD0WJFeVchYrQsy4cbdGL0MH%2F9Ro%2BWVqjFs1XRgJ6EGvauF1Posci7l4EbS7OkuAZRoQCflAcIwRhzyR%2BO0ikefc4OCDK254V7goy3Tv1vSsK6uD9a6DFmnmMnfIevOtZud275DFvH81aPhKr1jpzQXj7K5D9EFCeyKWW8a%2FJcth3eYeEbJ59btu0Xu3Yg0O1YRFTPcg%3D%3D","environmentVariables":{"FIREBASE_CONFIG":"{\"projectId\":\"iot-sample-358611\",\"storageBucket\":\"iot-sample-358611.appspot.com\",\"locationId\":\"europe-west\"}","GCLOUD_PROJECT":"iot-sample-358611"},"runtime":"nodejs16","dockerRegistry":"ARTIFACT_REGISTRY"},"versionId":"1","updateTime":"2022-08-09T17:48:51Z"}}
[debug] [2022-08-08T17:48:48.812Z] [create-default-us-central1-createVideoThumb] Retrying task index 0
[debug] [2022-08-08T17:48:48.812Z] >>> [apiv2][query] GET https://cloudfunctions.googleapis.com/v1/operations/aW90LXNhbXBsZS0zNTg2MTEvdXMtY2VudHJhbDEvY3JlYXRlVmlkZW9UaHVtYi9wcEl0QW91akVqYw [none]
[debug] [2022-08-08T17:48:49.200Z] <<< [apiv2][status] GET https://cloudfunctions.googleapis.com/v1/operations/aW90LXNhbXBsZS0zNTg2MTEvdXMtY2VudHJhbDEvY3JlYXRlVmlkZW9UaHVtYi9wcEl0QW91akVqYw 200
[debug] [2022-08-08T17:48:49.200Z] <<< [apiv2][body] GET https://cloudfunctions.googleapis.com/v1/operations/aW90LXNhbXBsZS0zNTg2MTEvdXMtY2VudHJhbDEvY3JlYXRlVmlkZW9UaHVtYi9wcEl0QW91akVqYw {"name":"operations/aW90LXNhbXBsZS0zNTg2MTEvdXMtY2VudHJhbDEvY3JlYXRlVmlkZW9UaHVtYi9wcEl0QW91akVqYw","metadata":{"@type":"type.googleapis.com/google.cloud.functions.v1.OperationMetadataV1","target":"projects/iot-sample-358611/locations/us-central1/functions/createVideoThumb","type":"CREATE_FUNCTION","request":{"@type":"type.googleapis.com/google.cloud.functions.v1.CloudFunction","name":"projects/iot-sample-358611/locations/us-central1/functions/createVideoThumb","eventTrigger":{"eventType":"google.storage.object.finalize","resource":"projects/_/buckets/iot-sample-358611.appspot.com"},"entryPoint":"createVideoThumb","labels":{"deployment-tool":"cli-firebase"},"sourceUploadUrl":"https://storage.googleapis.com/uploads-812373794119.us-central1.cloudfunctions.appspot.com/65b48191-b7f9-41f7-8972-366652360c97.zip?GoogleAccessId=service-397387907263@gcf-admin-robot.iam.gserviceaccount.com&Expires=1660069129&Signature=EKkcQs668x5DldD%2Bz61eAoBTpKmcQOE28epygq3gvYaPNhk8Ex89l3%2FE6b0QyuSTXnfjxhF9SGhiv%2FfhC6njL3Ip0ZSc5%2B5I73E3iCU7X7%2BRRlHg8ci29gKhdk26BUYw1a%2FZjxqYDeZ8vViD0WJFeVchYrQsy4cbdGL0MH%2F9Ro%2BWVqjFs1XRgJ6EGvauF1Posci7l4EbS7OkuAZRoQCflAcIwRhzyR%2BO0ikefc4OCDK254V7goy3Tv1vSsK6uD9a6DFmnmMnfIevOtZud275DFvH81aPhKr1jpzQXj7K5D9EFCeyKWW8a%2FJcth3eYeEbJ59btu0Xu3Yg0O1YRFTPcg%3D%3D","environmentVariables":{"FIREBASE_CONFIG":"{\"projectId\":\"iot-sample-358611\",\"storageBucket\":\"iot-sample-358611.appspot.com\",\"locationId\":\"europe-west\"}","GCLOUD_PROJECT":"iot-sample-358611"},"runtime":"nodejs16","dockerRegistry":"ARTIFACT_REGISTRY"},"versionId":"1","updateTime":"2022-08-09T17:48:51Z"}}
[debug] [2022-08-08T17:48:50.208Z] [create-default-us-central1-createVideoThumb] Retrying task index 0
[debug] [2022-08-08T17:48:50.209Z] >>> [apiv2][query] GET https://cloudfunctions.googleapis.com/v1/operations/aW90LXNhbXBsZS0zNTg2MTEvdXMtY2VudHJhbDEvY3JlYXRlVmlkZW9UaHVtYi9wcEl0QW91akVqYw [none]
[debug] [2022-08-08T17:48:50.616Z] <<< [apiv2][status] GET https://cloudfunctions.googleapis.com/v1/operations/aW90LXNhbXBsZS0zNTg2MTEvdXMtY2VudHJhbDEvY3JlYXRlVmlkZW9UaHVtYi9wcEl0QW91akVqYw 200
[debug] [2022-08-08T17:48:50.617Z] <<< [apiv2][body] GET https://cloudfunctions.googleapis.com/v1/operations/aW90LXNhbXBsZS0zNTg2MTEvdXMtY2VudHJhbDEvY3JlYXRlVmlkZW9UaHVtYi9wcEl0QW91akVqYw {"name":"operations/aW90LXNhbXBsZS0zNTg2MTEvdXMtY2VudHJhbDEvY3JlYXRlVmlkZW9UaHVtYi9wcEl0QW91akVqYw","metadata":{"@type":"type.googleapis.com/google.cloud.functions.v1.OperationMetadataV1","target":"projects/iot-sample-358611/locations/us-central1/functions/createVideoThumb","type":"CREATE_FUNCTION","request":{"@type":"type.googleapis.com/google.cloud.functions.v1.CloudFunction","name":"projects/iot-sample-358611/locations/us-central1/functions/createVideoThumb","eventTrigger":{"eventType":"google.storage.object.finalize","resource":"projects/_/buckets/iot-sample-358611.appspot.com"},"entryPoint":"createVideoThumb","labels":{"deployment-tool":"cli-firebase"},"sourceUploadUrl":"https://storage.googleapis.com/uploads-812373794119.us-central1.cloudfunctions.appspot.com/65b48191-b7f9-41f7-8972-366652360c97.zip?GoogleAccessId=service-397387907263@gcf-admin-robot.iam.gserviceaccount.com&Expires=1660069129&Signature=EKkcQs668x5DldD%2Bz61eAoBTpKmcQOE28epygq3gvYaPNhk8Ex89l3%2FE6b0QyuSTXnfjxhF9SGhiv%2FfhC6njL3Ip0ZSc5%2B5I73E3iCU7X7%2BRRlHg8ci29gKhdk26BUYw1a%2FZjxqYDeZ8vViD0WJFeVchYrQsy4cbdGL0MH%2F9Ro%2BWVqjFs1XRgJ6EGvauF1Posci7l4EbS7OkuAZRoQCflAcIwRhzyR%2BO0ikefc4OCDK254V7goy3Tv1vSsK6uD9a6DFmnmMnfIevOtZud275DFvH81aPhKr1jpzQXj7K5D9EFCeyKWW8a%2FJcth3eYeEbJ59btu0Xu3Yg0O1YRFTPcg%3D%3D","environmentVariables":{"FIREBASE_CONFIG":"{\"projectId\":\"iot-sample-358611\",\"storageBucket\":\"iot-sample-358611.appspot.com\",\"locationId\":\"europe-west\"}","GCLOUD_PROJECT":"iot-sample-358611"},"runtime":"nodejs16","dockerRegistry":"ARTIFACT_REGISTRY"},"versionId":"1","updateTime":"2022-08-09T17:48:51Z"}}
[debug] [2022-08-08T17:48:52.622Z] [create-default-us-central1-createVideoThumb] Retrying task index 0
[debug] [2022-08-08T17:48:52.623Z] >>> [apiv2][query] GET https://cloudfunctions.googleapis.com/v1/operations/aW90LXNhbXBsZS0zNTg2MTEvdXMtY2VudHJhbDEvY3JlYXRlVmlkZW9UaHVtYi9wcEl0QW91akVqYw [none]
[debug] [2022-08-08T17:48:53.008Z] <<< [apiv2][status] GET https://cloudfunctions.googleapis.com/v1/operations/aW90LXNhbXBsZS0zNTg2MTEvdXMtY2VudHJhbDEvY3JlYXRlVmlkZW9UaHVtYi9wcEl0QW91akVqYw 200
[debug] [2022-08-08T17:48:53.008Z] <<< [apiv2][body] GET https://cloudfunctions.googleapis.com/v1/operations/aW90LXNhbXBsZS0zNTg2MTEvdXMtY2VudHJhbDEvY3JlYXRlVmlkZW9UaHVtYi9wcEl0QW91akVqYw {"name":"operations/aW90LXNhbXBsZS0zNTg2MTEvdXMtY2VudHJhbDEvY3JlYXRlVmlkZW9UaHVtYi9wcEl0QW91akVqYw","metadata":{"@type":"type.googleapis.com/google.cloud.functions.v1.OperationMetadataV1","target":"projects/iot-sample-358611/locations/us-central1/functions/createVideoThumb","type":"CREATE_FUNCTION","request":{"@type":"type.googleapis.com/google.cloud.functions.v1.CloudFunction","name":"projects/iot-sample-358611/locations/us-central1/functions/createVideoThumb","eventTrigger":{"eventType":"google.storage.object.finalize","resource":"projects/_/buckets/iot-sample-358611.appspot.com"},"entryPoint":"createVideoThumb","labels":{"deployment-tool":"cli-firebase"},"sourceUploadUrl":"https://storage.googleapis.com/uploads-812373794119.us-central1.cloudfunctions.appspot.com/65b48191-b7f9-41f7-8972-366652360c97.zip?GoogleAccessId=service-397387907263@gcf-admin-robot.iam.gserviceaccount.com&Expires=1660069129&Signature=EKkcQs668x5DldD%2Bz61eAoBTpKmcQOE28epygq3gvYaPNhk8Ex89l3%2FE6b0QyuSTXnfjxhF9SGhiv%2FfhC6njL3Ip0ZSc5%2B5I73E3iCU7X7%2BRRlHg8ci29gKhdk26BUYw1a%2FZjxqYDeZ8vViD0WJFeVchYrQsy4cbdGL0MH%2F9Ro%2BWVqjFs1XRgJ6EGvauF1Posci7l4EbS7OkuAZRoQCflAcIwRhzyR%2BO0ikefc4OCDK254V7goy3Tv1vSsK6uD9a6DFmnmMnfIevOtZud275DFvH81aPhKr1jpzQXj7K5D9EFCeyKWW8a%2FJcth3eYeEbJ59btu0Xu3Yg0O1YRFTPcg%3D%3D","environmentVariables":{"FIREBASE_CONFIG":"{\"projectId\":\"iot-sample-358611\",\"storageBucket\":\"iot-sample-358611.appspot.com\",\"locationId\":\"europe-west\"}","GCLOUD_PROJECT":"iot-sample-358611"},"runtime":"nodejs16","dockerRegistry":"ARTIFACT_REGISTRY"},"versionId":"1","updateTime":"2022-08-09T17:48:51Z"}}
[debug] [2022-08-08T17:48:57.010Z] [create-default-us-central1-createVideoThumb] Retrying task index 0
[debug] [2022-08-08T17:48:57.011Z] >>> [apiv2][query] GET https://cloudfunctions.googleapis.com/v1/operations/aW90LXNhbXBsZS0zNTg2MTEvdXMtY2VudHJhbDEvY3JlYXRlVmlkZW9UaHVtYi9wcEl0QW91akVqYw [none]
[debug] [2022-08-08T17:48:57.417Z] <<< [apiv2][status] GET https://cloudfunctions.googleapis.com/v1/operations/aW90LXNhbXBsZS0zNTg2MTEvdXMtY2VudHJhbDEvY3JlYXRlVmlkZW9UaHVtYi9wcEl0QW91akVqYw 200
[debug] [2022-08-08T17:48:57.417Z] <<< [apiv2][body] GET https://cloudfunctions.googleapis.com/v1/operations/aW90LXNhbXBsZS0zNTg2MTEvdXMtY2VudHJhbDEvY3JlYXRlVmlkZW9UaHVtYi9wcEl0QW91akVqYw {"name":"operations/aW90LXNhbXBsZS0zNTg2MTEvdXMtY2VudHJhbDEvY3JlYXRlVmlkZW9UaHVtYi9wcEl0QW91akVqYw","metadata":{"@type":"type.googleapis.com/google.cloud.functions.v1.OperationMetadataV1","target":"projects/iot-sample-358611/locations/us-central1/functions/createVideoThumb","type":"CREATE_FUNCTION","request":{"@type":"type.googleapis.com/google.cloud.functions.v1.CloudFunction","name":"projects/iot-sample-358611/locations/us-central1/functions/createVideoThumb","eventTrigger":{"eventType":"google.storage.object.finalize","resource":"projects/_/buckets/iot-sample-358611.appspot.com"},"entryPoint":"createVideoThumb","labels":{"deployment-tool":"cli-firebase"},"sourceUploadUrl":"https://storage.googleapis.com/uploads-812373794119.us-central1.cloudfunctions.appspot.com/65b48191-b7f9-41f7-8972-366652360c97.zip?GoogleAccessId=service-397387907263@gcf-admin-robot.iam.gserviceaccount.com&Expires=1660069129&Signature=EKkcQs668x5DldD%2Bz61eAoBTpKmcQOE28epygq3gvYaPNhk8Ex89l3%2FE6b0QyuSTXnfjxhF9SGhiv%2FfhC6njL3Ip0ZSc5%2B5I73E3iCU7X7%2BRRlHg8ci29gKhdk26BUYw1a%2FZjxqYDeZ8vViD0WJFeVchYrQsy4cbdGL0MH%2F9Ro%2BWVqjFs1XRgJ6EGvauF1Posci7l4EbS7OkuAZRoQCflAcIwRhzyR%2BO0ikefc4OCDK254V7goy3Tv1vSsK6uD9a6DFmnmMnfIevOtZud275DFvH81aPhKr1jpzQXj7K5D9EFCeyKWW8a%2FJcth3eYeEbJ59btu0Xu3Yg0O1YRFTPcg%3D%3D","environmentVariables":{"FIREBASE_CONFIG":"{\"projectId\":\"iot-sample-358611\",\"storageBucket\":\"iot-sample-358611.appspot.com\",\"locationId\":\"europe-west\"}","GCLOUD_PROJECT":"iot-sample-358611"},"runtime":"nodejs16","dockerRegistry":"ARTIFACT_REGISTRY"},"versionId":"1","updateTime":"2022-08-09T17:48:51Z"}}
[debug] [2022-08-08T17:49:05.426Z] [create-default-us-central1-createVideoThumb] Retrying task index 0
[debug] [2022-08-08T17:49:05.426Z] >>> [apiv2][query] GET https://cloudfunctions.googleapis.com/v1/operations/aW90LXNhbXBsZS0zNTg2MTEvdXMtY2VudHJhbDEvY3JlYXRlVmlkZW9UaHVtYi9wcEl0QW91akVqYw [none]
[debug] [2022-08-08T17:49:05.785Z] <<< [apiv2][status] GET https://cloudfunctions.googleapis.com/v1/operations/aW90LXNhbXBsZS0zNTg2MTEvdXMtY2VudHJhbDEvY3JlYXRlVmlkZW9UaHVtYi9wcEl0QW91akVqYw 200
[debug] [2022-08-08T17:49:05.786Z] <<< [apiv2][body] GET https://cloudfunctions.googleapis.com/v1/operations/aW90LXNhbXBsZS0zNTg2MTEvdXMtY2VudHJhbDEvY3JlYXRlVmlkZW9UaHVtYi9wcEl0QW91akVqYw {"name":"operations/aW90LXNhbXBsZS0zNTg2MTEvdXMtY2VudHJhbDEvY3JlYXRlVmlkZW9UaHVtYi9wcEl0QW91akVqYw","metadata":{"@type":"type.googleapis.com/google.cloud.functions.v1.OperationMetadataV1","target":"projects/iot-sample-358611/locations/us-central1/functions/createVideoThumb","type":"CREATE_FUNCTION","request":{"@type":"type.googleapis.com/google.cloud.functions.v1.CloudFunction","name":"projects/iot-sample-358611/locations/us-central1/functions/createVideoThumb","eventTrigger":{"eventType":"google.storage.object.finalize","resource":"projects/_/buckets/iot-sample-358611.appspot.com"},"entryPoint":"createVideoThumb","labels":{"deployment-tool":"cli-firebase"},"sourceUploadUrl":"https://storage.googleapis.com/uploads-812373794119.us-central1.cloudfunctions.appspot.com/65b48191-b7f9-41f7-8972-366652360c97.zip?GoogleAccessId=service-397387907263@gcf-admin-robot.iam.gserviceaccount.com&Expires=1660069129&Signature=EKkcQs668x5DldD%2Bz61eAoBTpKmcQOE28epygq3gvYaPNhk8Ex89l3%2FE6b0QyuSTXnfjxhF9SGhiv%2FfhC6njL3Ip0ZSc5%2B5I73E3iCU7X7%2BRRlHg8ci29gKhdk26BUYw1a%2FZjxqYDeZ8vViD0WJFeVchYrQsy4cbdGL0MH%2F9Ro%2BWVqjFs1XRgJ6EGvauF1Posci7l4EbS7OkuAZRoQCflAcIwRhzyR%2BO0ikefc4OCDK254V7goy3Tv1vSsK6uD9a6DFmnmMnfIevOtZud275DFvH81aPhKr1jpzQXj7K5D9EFCeyKWW8a%2FJcth3eYeEbJ59btu0Xu3Yg0O1YRFTPcg%3D%3D","environmentVariables":{"FIREBASE_CONFIG":"{\"projectId\":\"iot-sample-358611\",\"storageBucket\":\"iot-sample-358611.appspot.com\",\"locationId\":\"europe-west\"}","GCLOUD_PROJECT":"iot-sample-358611"},"runtime":"nodejs16","dockerRegistry":"ARTIFACT_REGISTRY"},"versionId":"1","updateTime":"2022-08-09T17:48:51Z","buildId":"b404f85c-3b00-428f-a191-42214c02e2d4","buildName":"projects/397387907263/locations/us-central1/builds/b404f85c-3b00-428f-a191-42214c02e2d4"}}
[debug] [2022-08-08T17:49:15.801Z] [create-default-us-central1-createVideoThumb] Retrying task index 0
[debug] [2022-08-08T17:49:15.801Z] >>> [apiv2][query] GET https://cloudfunctions.googleapis.com/v1/operations/aW90LXNhbXBsZS0zNTg2MTEvdXMtY2VudHJhbDEvY3JlYXRlVmlkZW9UaHVtYi9wcEl0QW91akVqYw [none]
[debug] [2022-08-08T17:49:16.201Z] <<< [apiv2][status] GET https://cloudfunctions.googleapis.com/v1/operations/aW90LXNhbXBsZS0zNTg2MTEvdXMtY2VudHJhbDEvY3JlYXRlVmlkZW9UaHVtYi9wcEl0QW91akVqYw 200
[debug] [2022-08-08T17:49:16.201Z] <<< [apiv2][body] GET https://cloudfunctions.googleapis.com/v1/operations/aW90LXNhbXBsZS0zNTg2MTEvdXMtY2VudHJhbDEvY3JlYXRlVmlkZW9UaHVtYi9wcEl0QW91akVqYw {"name":"operations/aW90LXNhbXBsZS0zNTg2MTEvdXMtY2VudHJhbDEvY3JlYXRlVmlkZW9UaHVtYi9wcEl0QW91akVqYw","metadata":{"@type":"type.googleapis.com/google.cloud.functions.v1.OperationMetadataV1","target":"projects/iot-sample-358611/locations/us-central1/functions/createVideoThumb","type":"CREATE_FUNCTION","request":{"@type":"type.googleapis.com/google.cloud.functions.v1.CloudFunction","name":"projects/iot-sample-358611/locations/us-central1/functions/createVideoThumb","eventTrigger":{"eventType":"google.storage.object.finalize","resource":"projects/_/buckets/iot-sample-358611.appspot.com"},"entryPoint":"createVideoThumb","labels":{"deployment-tool":"cli-firebase"},"sourceUploadUrl":"https://storage.googleapis.com/uploads-812373794119.us-central1.cloudfunctions.appspot.com/65b48191-b7f9-41f7-8972-366652360c97.zip?GoogleAccessId=service-397387907263@gcf-admin-robot.iam.gserviceaccount.com&Expires=1660069129&Signature=EKkcQs668x5DldD%2Bz61eAoBTpKmcQOE28epygq3gvYaPNhk8Ex89l3%2FE6b0QyuSTXnfjxhF9SGhiv%2FfhC6njL3Ip0ZSc5%2B5I73E3iCU7X7%2BRRlHg8ci29gKhdk26BUYw1a%2FZjxqYDeZ8vViD0WJFeVchYrQsy4cbdGL0MH%2F9Ro%2BWVqjFs1XRgJ6EGvauF1Posci7l4EbS7OkuAZRoQCflAcIwRhzyR%2BO0ikefc4OCDK254V7goy3Tv1vSsK6uD9a6DFmnmMnfIevOtZud275DFvH81aPhKr1jpzQXj7K5D9EFCeyKWW8a%2FJcth3eYeEbJ59btu0Xu3Yg0O1YRFTPcg%3D%3D","environmentVariables":{"FIREBASE_CONFIG":"{\"projectId\":\"iot-sample-358611\",\"storageBucket\":\"iot-sample-358611.appspot.com\",\"locationId\":\"europe-west\"}","GCLOUD_PROJECT":"iot-sample-358611"},"runtime":"nodejs16","dockerRegistry":"ARTIFACT_REGISTRY"},"versionId":"1","updateTime":"2022-08-09T17:48:51Z","buildId":"b404f85c-3b00-428f-a191-42214c02e2d4","buildName":"projects/397387907263/locations/us-central1/builds/b404f85c-3b00-428f-a191-42214c02e2d4"}}
[debug] [2022-08-08T17:49:26.208Z] [create-default-us-central1-createVideoThumb] Retrying task index 0
[debug] [2022-08-08T17:49:26.208Z] >>> [apiv2][query] GET https://cloudfunctions.googleapis.com/v1/operations/aW90LXNhbXBsZS0zNTg2MTEvdXMtY2VudHJhbDEvY3JlYXRlVmlkZW9UaHVtYi9wcEl0QW91akVqYw [none]
[debug] [2022-08-08T17:49:28.235Z] <<< [apiv2][status] GET https://cloudfunctions.googleapis.com/v1/operations/aW90LXNhbXBsZS0zNTg2MTEvdXMtY2VudHJhbDEvY3JlYXRlVmlkZW9UaHVtYi9wcEl0QW91akVqYw 200
[debug] [2022-08-08T17:49:28.235Z] <<< [apiv2][body] GET https://cloudfunctions.googleapis.com/v1/operations/aW90LXNhbXBsZS0zNTg2MTEvdXMtY2VudHJhbDEvY3JlYXRlVmlkZW9UaHVtYi9wcEl0QW91akVqYw {"name":"operations/aW90LXNhbXBsZS0zNTg2MTEvdXMtY2VudHJhbDEvY3JlYXRlVmlkZW9UaHVtYi9wcEl0QW91akVqYw","metadata":{"@type":"type.googleapis.com/google.cloud.functions.v1.OperationMetadataV1","target":"projects/iot-sample-358611/locations/us-central1/functions/createVideoThumb","type":"CREATE_FUNCTION","request":{"@type":"type.googleapis.com/google.cloud.functions.v1.CloudFunction","name":"projects/iot-sample-358611/locations/us-central1/functions/createVideoThumb","eventTrigger":{"eventType":"google.storage.object.finalize","resource":"projects/_/buckets/iot-sample-358611.appspot.com"},"entryPoint":"createVideoThumb","labels":{"deployment-tool":"cli-firebase"},"sourceUploadUrl":"https://storage.googleapis.com/uploads-812373794119.us-central1.cloudfunctions.appspot.com/65b48191-b7f9-41f7-8972-366652360c97.zip?GoogleAccessId=service-397387907263@gcf-admin-robot.iam.gserviceaccount.com&Expires=1660069129&Signature=EKkcQs668x5DldD%2Bz61eAoBTpKmcQOE28epygq3gvYaPNhk8Ex89l3%2FE6b0QyuSTXnfjxhF9SGhiv%2FfhC6njL3Ip0ZSc5%2B5I73E3iCU7X7%2BRRlHg8ci29gKhdk26BUYw1a%2FZjxqYDeZ8vViD0WJFeVchYrQsy4cbdGL0MH%2F9Ro%2BWVqjFs1XRgJ6EGvauF1Posci7l4EbS7OkuAZRoQCflAcIwRhzyR%2BO0ikefc4OCDK254V7goy3Tv1vSsK6uD9a6DFmnmMnfIevOtZud275DFvH81aPhKr1jpzQXj7K5D9EFCeyKWW8a%2FJcth3eYeEbJ59btu0Xu3Yg0O1YRFTPcg%3D%3D","environmentVariables":{"FIREBASE_CONFIG":"{\"projectId\":\"iot-sample-358611\",\"storageBucket\":\"iot-sample-358611.appspot.com\",\"locationId\":\"europe-west\"}","GCLOUD_PROJECT":"iot-sample-358611"},"runtime":"nodejs16","dockerRegistry":"ARTIFACT_REGISTRY"},"versionId":"1","updateTime":"2022-08-09T17:48:51Z","buildId":"b404f85c-3b00-428f-a191-42214c02e2d4","buildName":"projects/397387907263/locations/us-central1/builds/b404f85c-3b00-428f-a191-42214c02e2d4"}}
[debug] [2022-08-08T17:49:38.258Z] [create-default-us-central1-createVideoThumb] Retrying task index 0
[debug] [2022-08-08T17:49:38.258Z] >>> [apiv2][query] GET https://cloudfunctions.googleapis.com/v1/operations/aW90LXNhbXBsZS0zNTg2MTEvdXMtY2VudHJhbDEvY3JlYXRlVmlkZW9UaHVtYi9wcEl0QW91akVqYw [none]
[debug] [2022-08-08T17:49:40.546Z] <<< [apiv2][status] GET https://cloudfunctions.googleapis.com/v1/operations/aW90LXNhbXBsZS0zNTg2MTEvdXMtY2VudHJhbDEvY3JlYXRlVmlkZW9UaHVtYi9wcEl0QW91akVqYw 200
[debug] [2022-08-08T17:49:40.546Z] <<< [apiv2][body] GET https://cloudfunctions.googleapis.com/v1/operations/aW90LXNhbXBsZS0zNTg2MTEvdXMtY2VudHJhbDEvY3JlYXRlVmlkZW9UaHVtYi9wcEl0QW91akVqYw {"name":"operations/aW90LXNhbXBsZS0zNTg2MTEvdXMtY2VudHJhbDEvY3JlYXRlVmlkZW9UaHVtYi9wcEl0QW91akVqYw","metadata":{"@type":"type.googleapis.com/google.cloud.functions.v1.OperationMetadataV1","target":"projects/iot-sample-358611/locations/us-central1/functions/createVideoThumb","type":"CREATE_FUNCTION","request":{"@type":"type.googleapis.com/google.cloud.functions.v1.CloudFunction","name":"projects/iot-sample-358611/locations/us-central1/functions/createVideoThumb","eventTrigger":{"eventType":"google.storage.object.finalize","resource":"projects/_/buckets/iot-sample-358611.appspot.com"},"entryPoint":"createVideoThumb","labels":{"deployment-tool":"cli-firebase"},"sourceUploadUrl":"https://storage.googleapis.com/uploads-812373794119.us-central1.cloudfunctions.appspot.com/65b48191-b7f9-41f7-8972-366652360c97.zip?GoogleAccessId=service-397387907263@gcf-admin-robot.iam.gserviceaccount.com&Expires=1660069129&Signature=EKkcQs668x5DldD%2Bz61eAoBTpKmcQOE28epygq3gvYaPNhk8Ex89l3%2FE6b0QyuSTXnfjxhF9SGhiv%2FfhC6njL3Ip0ZSc5%2B5I73E3iCU7X7%2BRRlHg8ci29gKhdk26BUYw1a%2FZjxqYDeZ8vViD0WJFeVchYrQsy4cbdGL0MH%2F9Ro%2BWVqjFs1XRgJ6EGvauF1Posci7l4EbS7OkuAZRoQCflAcIwRhzyR%2BO0ikefc4OCDK254V7goy3Tv1vSsK6uD9a6DFmnmMnfIevOtZud275DFvH81aPhKr1jpzQXj7K5D9EFCeyKWW8a%2FJcth3eYeEbJ59btu0Xu3Yg0O1YRFTPcg%3D%3D","environmentVariables":{"FIREBASE_CONFIG":"{\"projectId\":\"iot-sample-358611\",\"storageBucket\":\"iot-sample-358611.appspot.com\",\"locationId\":\"europe-west\"}","GCLOUD_PROJECT":"iot-sample-358611"},"runtime":"nodejs16","dockerRegistry":"ARTIFACT_REGISTRY"},"versionId":"1","updateTime":"2022-08-09T17:48:51Z","buildId":"b404f85c-3b00-428f-a191-42214c02e2d4","buildName":"projects/397387907263/locations/us-central1/builds/b404f85c-3b00-428f-a191-42214c02e2d4"}}
[debug] [2022-08-08T17:49:50.560Z] [create-default-us-central1-createVideoThumb] Retrying task index 0
[debug] [2022-08-08T17:49:50.561Z] >>> [apiv2][query] GET https://cloudfunctions.googleapis.com/v1/operations/aW90LXNhbXBsZS0zNTg2MTEvdXMtY2VudHJhbDEvY3JlYXRlVmlkZW9UaHVtYi9wcEl0QW91akVqYw [none]
[debug] [2022-08-08T17:49:52.238Z] <<< [apiv2][status] GET https://cloudfunctions.googleapis.com/v1/operations/aW90LXNhbXBsZS0zNTg2MTEvdXMtY2VudHJhbDEvY3JlYXRlVmlkZW9UaHVtYi9wcEl0QW91akVqYw 200
[debug] [2022-08-08T17:49:52.238Z] <<< [apiv2][body] GET https://cloudfunctions.googleapis.com/v1/operations/aW90LXNhbXBsZS0zNTg2MTEvdXMtY2VudHJhbDEvY3JlYXRlVmlkZW9UaHVtYi9wcEl0QW91akVqYw {"name":"operations/aW90LXNhbXBsZS0zNTg2MTEvdXMtY2VudHJhbDEvY3JlYXRlVmlkZW9UaHVtYi9wcEl0QW91akVqYw","metadata":{"@type":"type.googleapis.com/google.cloud.functions.v1.OperationMetadataV1","target":"projects/iot-sample-358611/locations/us-central1/functions/createVideoThumb","type":"CREATE_FUNCTION","request":{"@type":"type.googleapis.com/google.cloud.functions.v1.CloudFunction","name":"projects/iot-sample-358611/locations/us-central1/functions/createVideoThumb","eventTrigger":{"eventType":"google.storage.object.finalize","resource":"projects/_/buckets/iot-sample-358611.appspot.com"},"entryPoint":"createVideoThumb","labels":{"deployment-tool":"cli-firebase"},"sourceUploadUrl":"https://storage.googleapis.com/uploads-812373794119.us-central1.cloudfunctions.appspot.com/65b48191-b7f9-41f7-8972-366652360c97.zip?GoogleAccessId=service-397387907263@gcf-admin-robot.iam.gserviceaccount.com&Expires=1660069129&Signature=EKkcQs668x5DldD%2Bz61eAoBTpKmcQOE28epygq3gvYaPNhk8Ex89l3%2FE6b0QyuSTXnfjxhF9SGhiv%2FfhC6njL3Ip0ZSc5%2B5I73E3iCU7X7%2BRRlHg8ci29gKhdk26BUYw1a%2FZjxqYDeZ8vViD0WJFeVchYrQsy4cbdGL0MH%2F9Ro%2BWVqjFs1XRgJ6EGvauF1Posci7l4EbS7OkuAZRoQCflAcIwRhzyR%2BO0ikefc4OCDK254V7goy3Tv1vSsK6uD9a6DFmnmMnfIevOtZud275DFvH81aPhKr1jpzQXj7K5D9EFCeyKWW8a%2FJcth3eYeEbJ59btu0Xu3Yg0O1YRFTPcg%3D%3D","environmentVariables":{"FIREBASE_CONFIG":"{\"projectId\":\"iot-sample-358611\",\"storageBucket\":\"iot-sample-358611.appspot.com\",\"locationId\":\"europe-west\"}","GCLOUD_PROJECT":"iot-sample-358611"},"runtime":"nodejs16","dockerRegistry":"ARTIFACT_REGISTRY"},"versionId":"1","updateTime":"2022-08-09T17:48:51Z","buildId":"b404f85c-3b00-428f-a191-42214c02e2d4","sourceToken":"e289b215-b609-4765-913a-bfe64e80da32","buildName":"projects/397387907263/locations/us-central1/builds/b404f85c-3b00-428f-a191-42214c02e2d4"}}
[debug] [2022-08-08T17:49:52.238Z] Got source token e289b215-b609-4765-913a-bfe64e80da32 for region us-central1
[debug] [2022-08-08T17:50:02.244Z] [create-default-us-central1-createVideoThumb] Retrying task index 0
[debug] [2022-08-08T17:50:02.244Z] >>> [apiv2][query] GET https://cloudfunctions.googleapis.com/v1/operations/aW90LXNhbXBsZS0zNTg2MTEvdXMtY2VudHJhbDEvY3JlYXRlVmlkZW9UaHVtYi9wcEl0QW91akVqYw [none]
[debug] [2022-08-08T17:50:04.428Z] <<< [apiv2][status] GET https://cloudfunctions.googleapis.com/v1/operations/aW90LXNhbXBsZS0zNTg2MTEvdXMtY2VudHJhbDEvY3JlYXRlVmlkZW9UaHVtYi9wcEl0QW91akVqYw 200
[debug] [2022-08-08T17:50:04.428Z] <<< [apiv2][body] GET https://cloudfunctions.googleapis.com/v1/operations/aW90LXNhbXBsZS0zNTg2MTEvdXMtY2VudHJhbDEvY3JlYXRlVmlkZW9UaHVtYi9wcEl0QW91akVqYw {"name":"operations/aW90LXNhbXBsZS0zNTg2MTEvdXMtY2VudHJhbDEvY3JlYXRlVmlkZW9UaHVtYi9wcEl0QW91akVqYw","metadata":{"@type":"type.googleapis.com/google.cloud.functions.v1.OperationMetadataV1","target":"projects/iot-sample-358611/locations/us-central1/functions/createVideoThumb","type":"CREATE_FUNCTION","request":{"@type":"type.googleapis.com/google.cloud.functions.v1.CloudFunction","name":"projects/iot-sample-358611/locations/us-central1/functions/createVideoThumb","eventTrigger":{"eventType":"google.storage.object.finalize","resource":"projects/_/buckets/iot-sample-358611.appspot.com"},"entryPoint":"createVideoThumb","labels":{"deployment-tool":"cli-firebase"},"sourceUploadUrl":"https://storage.googleapis.com/uploads-812373794119.us-central1.cloudfunctions.appspot.com/65b48191-b7f9-41f7-8972-366652360c97.zip?GoogleAccessId=service-397387907263@gcf-admin-robot.iam.gserviceaccount.com&Expires=1660069129&Signature=EKkcQs668x5DldD%2Bz61eAoBTpKmcQOE28epygq3gvYaPNhk8Ex89l3%2FE6b0QyuSTXnfjxhF9SGhiv%2FfhC6njL3Ip0ZSc5%2B5I73E3iCU7X7%2BRRlHg8ci29gKhdk26BUYw1a%2FZjxqYDeZ8vViD0WJFeVchYrQsy4cbdGL0MH%2F9Ro%2BWVqjFs1XRgJ6EGvauF1Posci7l4EbS7OkuAZRoQCflAcIwRhzyR%2BO0ikefc4OCDK254V7goy3Tv1vSsK6uD9a6DFmnmMnfIevOtZud275DFvH81aPhKr1jpzQXj7K5D9EFCeyKWW8a%2FJcth3eYeEbJ59btu0Xu3Yg0O1YRFTPcg%3D%3D","environmentVariables":{"FIREBASE_CONFIG":"{\"projectId\":\"iot-sample-358611\",\"storageBucket\":\"iot-sample-358611.appspot.com\",\"locationId\":\"europe-west\"}","GCLOUD_PROJECT":"iot-sample-358611"},"runtime":"nodejs16","dockerRegistry":"ARTIFACT_REGISTRY"},"versionId":"1","updateTime":"2022-08-09T17:48:51Z","buildId":"b404f85c-3b00-428f-a191-42214c02e2d4","sourceToken":"e289b215-b609-4765-913a-bfe64e80da32","buildName":"projects/397387907263/locations/us-central1/builds/b404f85c-3b00-428f-a191-42214c02e2d4"}}
[debug] [2022-08-08T17:50:04.428Z] Got source token e289b215-b609-4765-913a-bfe64e80da32 for region us-central1
[debug] [2022-08-08T17:50:14.435Z] [create-default-us-central1-createVideoThumb] Retrying task index 0
[debug] [2022-08-08T17:50:14.436Z] >>> [apiv2][query] GET https://cloudfunctions.googleapis.com/v1/operations/aW90LXNhbXBsZS0zNTg2MTEvdXMtY2VudHJhbDEvY3JlYXRlVmlkZW9UaHVtYi9wcEl0QW91akVqYw [none]
[debug] [2022-08-08T17:50:14.823Z] <<< [apiv2][status] GET https://cloudfunctions.googleapis.com/v1/operations/aW90LXNhbXBsZS0zNTg2MTEvdXMtY2VudHJhbDEvY3JlYXRlVmlkZW9UaHVtYi9wcEl0QW91akVqYw 200
[debug] [2022-08-08T17:50:14.824Z] <<< [apiv2][body] GET https://cloudfunctions.googleapis.com/v1/operations/aW90LXNhbXBsZS0zNTg2MTEvdXMtY2VudHJhbDEvY3JlYXRlVmlkZW9UaHVtYi9wcEl0QW91akVqYw {"name":"operations/aW90LXNhbXBsZS0zNTg2MTEvdXMtY2VudHJhbDEvY3JlYXRlVmlkZW9UaHVtYi9wcEl0QW91akVqYw","metadata":{"@type":"type.googleapis.com/google.cloud.functions.v1.OperationMetadataV1","target":"projects/iot-sample-358611/locations/us-central1/functions/createVideoThumb","type":"CREATE_FUNCTION","request":{"@type":"type.googleapis.com/google.cloud.functions.v1.CloudFunction","name":"projects/iot-sample-358611/locations/us-central1/functions/createVideoThumb","eventTrigger":{"eventType":"google.storage.object.finalize","resource":"projects/_/buckets/iot-sample-358611.appspot.com"},"entryPoint":"createVideoThumb","labels":{"deployment-tool":"cli-firebase"},"sourceUploadUrl":"https://storage.googleapis.com/uploads-812373794119.us-central1.cloudfunctions.appspot.com/65b48191-b7f9-41f7-8972-366652360c97.zip?GoogleAccessId=service-397387907263@gcf-admin-robot.iam.gserviceaccount.com&Expires=1660069129&Signature=EKkcQs668x5DldD%2Bz61eAoBTpKmcQOE28epygq3gvYaPNhk8Ex89l3%2FE6b0QyuSTXnfjxhF9SGhiv%2FfhC6njL3Ip0ZSc5%2B5I73E3iCU7X7%2BRRlHg8ci29gKhdk26BUYw1a%2FZjxqYDeZ8vViD0WJFeVchYrQsy4cbdGL0MH%2F9Ro%2BWVqjFs1XRgJ6EGvauF1Posci7l4EbS7OkuAZRoQCflAcIwRhzyR%2BO0ikefc4OCDK254V7goy3Tv1vSsK6uD9a6DFmnmMnfIevOtZud275DFvH81aPhKr1jpzQXj7K5D9EFCeyKWW8a%2FJcth3eYeEbJ59btu0Xu3Yg0O1YRFTPcg%3D%3D","environmentVariables":{"FIREBASE_CONFIG":"{\"projectId\":\"iot-sample-358611\",\"storageBucket\":\"iot-sample-358611.appspot.com\",\"locationId\":\"europe-west\"}","GCLOUD_PROJECT":"iot-sample-358611"},"runtime":"nodejs16","dockerRegistry":"ARTIFACT_REGISTRY"},"versionId":"1","updateTime":"2022-08-09T17:48:51Z","buildId":"b404f85c-3b00-428f-a191-42214c02e2d4","sourceToken":"e289b215-b609-4765-913a-bfe64e80da32","buildName":"projects/397387907263/locations/us-central1/builds/b404f85c-3b00-428f-a191-42214c02e2d4"}}
[debug] [2022-08-08T17:50:14.824Z] Got source token e289b215-b609-4765-913a-bfe64e80da32 for region us-central1
[debug] [2022-08-08T17:50:24.834Z] [create-default-us-central1-createVideoThumb] Retrying task index 0
[debug] [2022-08-08T17:50:24.835Z] >>> [apiv2][query] GET https://cloudfunctions.googleapis.com/v1/operations/aW90LXNhbXBsZS0zNTg2MTEvdXMtY2VudHJhbDEvY3JlYXRlVmlkZW9UaHVtYi9wcEl0QW91akVqYw [none]
[debug] [2022-08-08T17:50:25.209Z] <<< [apiv2][status] GET https://cloudfunctions.googleapis.com/v1/operations/aW90LXNhbXBsZS0zNTg2MTEvdXMtY2VudHJhbDEvY3JlYXRlVmlkZW9UaHVtYi9wcEl0QW91akVqYw 200
[debug] [2022-08-08T17:50:25.209Z] <<< [apiv2][body] GET https://cloudfunctions.googleapis.com/v1/operations/aW90LXNhbXBsZS0zNTg2MTEvdXMtY2VudHJhbDEvY3JlYXRlVmlkZW9UaHVtYi9wcEl0QW91akVqYw {"name":"operations/aW90LXNhbXBsZS0zNTg2MTEvdXMtY2VudHJhbDEvY3JlYXRlVmlkZW9UaHVtYi9wcEl0QW91akVqYw","metadata":{"@type":"type.googleapis.com/google.cloud.functions.v1.OperationMetadataV1","target":"projects/iot-sample-358611/locations/us-central1/functions/createVideoThumb","type":"CREATE_FUNCTION","request":{"@type":"type.googleapis.com/google.cloud.functions.v1.CloudFunction","name":"projects/iot-sample-358611/locations/us-central1/functions/createVideoThumb","eventTrigger":{"eventType":"google.storage.object.finalize","resource":"projects/_/buckets/iot-sample-358611.appspot.com"},"entryPoint":"createVideoThumb","labels":{"deployment-tool":"cli-firebase"},"sourceUploadUrl":"https://storage.googleapis.com/uploads-812373794119.us-central1.cloudfunctions.appspot.com/65b48191-b7f9-41f7-8972-366652360c97.zip?GoogleAccessId=service-397387907263@gcf-admin-robot.iam.gserviceaccount.com&Expires=1660069129&Signature=EKkcQs668x5DldD%2Bz61eAoBTpKmcQOE28epygq3gvYaPNhk8Ex89l3%2FE6b0QyuSTXnfjxhF9SGhiv%2FfhC6njL3Ip0ZSc5%2B5I73E3iCU7X7%2BRRlHg8ci29gKhdk26BUYw1a%2FZjxqYDeZ8vViD0WJFeVchYrQsy4cbdGL0MH%2F9Ro%2BWVqjFs1XRgJ6EGvauF1Posci7l4EbS7OkuAZRoQCflAcIwRhzyR%2BO0ikefc4OCDK254V7goy3Tv1vSsK6uD9a6DFmnmMnfIevOtZud275DFvH81aPhKr1jpzQXj7K5D9EFCeyKWW8a%2FJcth3eYeEbJ59btu0Xu3Yg0O1YRFTPcg%3D%3D","environmentVariables":{"FIREBASE_CONFIG":"{\"projectId\":\"iot-sample-358611\",\"storageBucket\":\"iot-sample-358611.appspot.com\",\"locationId\":\"europe-west\"}","GCLOUD_PROJECT":"iot-sample-358611"},"runtime":"nodejs16","dockerRegistry":"ARTIFACT_REGISTRY"},"versionId":"1","updateTime":"2022-08-09T17:48:51Z","buildId":"b404f85c-3b00-428f-a191-42214c02e2d4","sourceToken":"e289b215-b609-4765-913a-bfe64e80da32","buildName":"projects/397387907263/locations/us-central1/builds/b404f85c-3b00-428f-a191-42214c02e2d4"}}
[debug] [2022-08-08T17:50:25.209Z] Got source token e289b215-b609-4765-913a-bfe64e80da32 for region us-central1
[debug] [2022-08-08T17:50:35.212Z] [create-default-us-central1-createVideoThumb] Retrying task index 0
[debug] [2022-08-08T17:50:35.212Z] >>> [apiv2][query] GET https://cloudfunctions.googleapis.com/v1/operations/aW90LXNhbXBsZS0zNTg2MTEvdXMtY2VudHJhbDEvY3JlYXRlVmlkZW9UaHVtYi9wcEl0QW91akVqYw [none]
[debug] [2022-08-08T17:50:35.587Z] <<< [apiv2][status] GET https://cloudfunctions.googleapis.com/v1/operations/aW90LXNhbXBsZS0zNTg2MTEvdXMtY2VudHJhbDEvY3JlYXRlVmlkZW9UaHVtYi9wcEl0QW91akVqYw 200
[debug] [2022-08-08T17:50:35.588Z] <<< [apiv2][body] GET https://cloudfunctions.googleapis.com/v1/operations/aW90LXNhbXBsZS0zNTg2MTEvdXMtY2VudHJhbDEvY3JlYXRlVmlkZW9UaHVtYi9wcEl0QW91akVqYw {"name":"operations/aW90LXNhbXBsZS0zNTg2MTEvdXMtY2VudHJhbDEvY3JlYXRlVmlkZW9UaHVtYi9wcEl0QW91akVqYw","metadata":{"@type":"type.googleapis.com/google.cloud.functions.v1.OperationMetadataV1","target":"projects/iot-sample-358611/locations/us-central1/functions/createVideoThumb","type":"CREATE_FUNCTION","request":{"@type":"type.googleapis.com/google.cloud.functions.v1.CloudFunction","name":"projects/iot-sample-358611/locations/us-central1/functions/createVideoThumb","eventTrigger":{"eventType":"google.storage.object.finalize","resource":"projects/_/buckets/iot-sample-358611.appspot.com"},"entryPoint":"createVideoThumb","labels":{"deployment-tool":"cli-firebase"},"sourceUploadUrl":"https://storage.googleapis.com/uploads-812373794119.us-central1.cloudfunctions.appspot.com/65b48191-b7f9-41f7-8972-366652360c97.zip?GoogleAccessId=service-397387907263@gcf-admin-robot.iam.gserviceaccount.com&Expires=1660069129&Signature=EKkcQs668x5DldD%2Bz61eAoBTpKmcQOE28epygq3gvYaPNhk8Ex89l3%2FE6b0QyuSTXnfjxhF9SGhiv%2FfhC6njL3Ip0ZSc5%2B5I73E3iCU7X7%2BRRlHg8ci29gKhdk26BUYw1a%2FZjxqYDeZ8vViD0WJFeVchYrQsy4cbdGL0MH%2F9Ro%2BWVqjFs1XRgJ6EGvauF1Posci7l4EbS7OkuAZRoQCflAcIwRhzyR%2BO0ikefc4OCDK254V7goy3Tv1vSsK6uD9a6DFmnmMnfIevOtZud275DFvH81aPhKr1jpzQXj7K5D9EFCeyKWW8a%2FJcth3eYeEbJ59btu0Xu3Yg0O1YRFTPcg%3D%3D","environmentVariables":{"FIREBASE_CONFIG":"{\"projectId\":\"iot-sample-358611\",\"storageBucket\":\"iot-sample-358611.appspot.com\",\"locationId\":\"europe-west\"}","GCLOUD_PROJECT":"iot-sample-358611"},"runtime":"nodejs16","dockerRegistry":"ARTIFACT_REGISTRY"},"versionId":"1","updateTime":"2022-08-09T17:48:51Z","buildId":"b404f85c-3b00-428f-a191-42214c02e2d4","sourceToken":"e289b215-b609-4765-913a-bfe64e80da32","buildName":"projects/397387907263/locations/us-central1/builds/b404f85c-3b00-428f-a191-42214c02e2d4"}}
[debug] [2022-08-08T17:50:35.588Z] Got source token e289b215-b609-4765-913a-bfe64e80da32 for region us-central1
[debug] [2022-08-08T17:50:45.592Z] [create-default-us-central1-createVideoThumb] Retrying task index 0
[debug] [2022-08-08T17:50:45.592Z] >>> [apiv2][query] GET https://cloudfunctions.googleapis.com/v1/operations/aW90LXNhbXBsZS0zNTg2MTEvdXMtY2VudHJhbDEvY3JlYXRlVmlkZW9UaHVtYi9wcEl0QW91akVqYw [none]
[debug] [2022-08-08T17:50:47.860Z] <<< [apiv2][status] GET https://cloudfunctions.googleapis.com/v1/operations/aW90LXNhbXBsZS0zNTg2MTEvdXMtY2VudHJhbDEvY3JlYXRlVmlkZW9UaHVtYi9wcEl0QW91akVqYw 200
[debug] [2022-08-08T17:50:47.860Z] <<< [apiv2][body] GET https://cloudfunctions.googleapis.com/v1/operations/aW90LXNhbXBsZS0zNTg2MTEvdXMtY2VudHJhbDEvY3JlYXRlVmlkZW9UaHVtYi9wcEl0QW91akVqYw {"name":"operations/aW90LXNhbXBsZS0zNTg2MTEvdXMtY2VudHJhbDEvY3JlYXRlVmlkZW9UaHVtYi9wcEl0QW91akVqYw","metadata":{"@type":"type.googleapis.com/google.cloud.functions.v1.OperationMetadataV1","target":"projects/iot-sample-358611/locations/us-central1/functions/createVideoThumb","type":"CREATE_FUNCTION","request":{"@type":"type.googleapis.com/google.cloud.functions.v1.CloudFunction","name":"projects/iot-sample-358611/locations/us-central1/functions/createVideoThumb","eventTrigger":{"eventType":"google.storage.object.finalize","resource":"projects/_/buckets/iot-sample-358611.appspot.com"},"entryPoint":"createVideoThumb","labels":{"deployment-tool":"cli-firebase"},"sourceUploadUrl":"https://storage.googleapis.com/uploads-812373794119.us-central1.cloudfunctions.appspot.com/65b48191-b7f9-41f7-8972-366652360c97.zip?GoogleAccessId=service-397387907263@gcf-admin-robot.iam.gserviceaccount.com&Expires=1660069129&Signature=EKkcQs668x5DldD%2Bz61eAoBTpKmcQOE28epygq3gvYaPNhk8Ex89l3%2FE6b0QyuSTXnfjxhF9SGhiv%2FfhC6njL3Ip0ZSc5%2B5I73E3iCU7X7%2BRRlHg8ci29gKhdk26BUYw1a%2FZjxqYDeZ8vViD0WJFeVchYrQsy4cbdGL0MH%2F9Ro%2BWVqjFs1XRgJ6EGvauF1Posci7l4EbS7OkuAZRoQCflAcIwRhzyR%2BO0ikefc4OCDK254V7goy3Tv1vSsK6uD9a6DFmnmMnfIevOtZud275DFvH81aPhKr1jpzQXj7K5D9EFCeyKWW8a%2FJcth3eYeEbJ59btu0Xu3Yg0O1YRFTPcg%3D%3D","environmentVariables":{"FIREBASE_CONFIG":"{\"projectId\":\"iot-sample-358611\",\"storageBucket\":\"iot-sample-358611.appspot.com\",\"locationId\":\"europe-west\"}","GCLOUD_PROJECT":"iot-sample-358611"},"runtime":"nodejs16","dockerRegistry":"ARTIFACT_REGISTRY"},"versionId":"1","updateTime":"2022-08-09T17:48:51Z","buildId":"b404f85c-3b00-428f-a191-42214c02e2d4","sourceToken":"e289b215-b609-4765-913a-bfe64e80da32","buildName":"projects/397387907263/locations/us-central1/builds/b404f85c-3b00-428f-a191-42214c02e2d4"}}
[debug] [2022-08-08T17:50:47.860Z] Got source token e289b215-b609-4765-913a-bfe64e80da32 for region us-central1
[debug] [2022-08-08T17:50:57.864Z] [create-default-us-central1-createVideoThumb] Retrying task index 0
[debug] [2022-08-08T17:50:57.864Z] >>> [apiv2][query] GET https://cloudfunctions.googleapis.com/v1/operations/aW90LXNhbXBsZS0zNTg2MTEvdXMtY2VudHJhbDEvY3JlYXRlVmlkZW9UaHVtYi9wcEl0QW91akVqYw [none]
[debug] [2022-08-08T17:50:58.683Z] <<< [apiv2][status] GET https://cloudfunctions.googleapis.com/v1/operations/aW90LXNhbXBsZS0zNTg2MTEvdXMtY2VudHJhbDEvY3JlYXRlVmlkZW9UaHVtYi9wcEl0QW91akVqYw 200
[debug] [2022-08-08T17:50:58.683Z] <<< [apiv2][body] GET https://cloudfunctions.googleapis.com/v1/operations/aW90LXNhbXBsZS0zNTg2MTEvdXMtY2VudHJhbDEvY3JlYXRlVmlkZW9UaHVtYi9wcEl0QW91akVqYw {"name":"operations/aW90LXNhbXBsZS0zNTg2MTEvdXMtY2VudHJhbDEvY3JlYXRlVmlkZW9UaHVtYi9wcEl0QW91akVqYw","metadata":{"@type":"type.googleapis.com/google.cloud.functions.v1.OperationMetadataV1","target":"projects/iot-sample-358611/locations/us-central1/functions/createVideoThumb","type":"CREATE_FUNCTION","request":{"@type":"type.googleapis.com/google.cloud.functions.v1.CloudFunction","name":"projects/iot-sample-358611/locations/us-central1/functions/createVideoThumb","eventTrigger":{"eventType":"google.storage.object.finalize","resource":"projects/_/buckets/iot-sample-358611.appspot.com"},"entryPoint":"createVideoThumb","labels":{"deployment-tool":"cli-firebase"},"sourceUploadUrl":"https://storage.googleapis.com/uploads-812373794119.us-central1.cloudfunctions.appspot.com/65b48191-b7f9-41f7-8972-366652360c97.zip?GoogleAccessId=service-397387907263@gcf-admin-robot.iam.gserviceaccount.com&Expires=1660069129&Signature=EKkcQs668x5DldD%2Bz61eAoBTpKmcQOE28epygq3gvYaPNhk8Ex89l3%2FE6b0QyuSTXnfjxhF9SGhiv%2FfhC6njL3Ip0ZSc5%2B5I73E3iCU7X7%2BRRlHg8ci29gKhdk26BUYw1a%2FZjxqYDeZ8vViD0WJFeVchYrQsy4cbdGL0MH%2F9Ro%2BWVqjFs1XRgJ6EGvauF1Posci7l4EbS7OkuAZRoQCflAcIwRhzyR%2BO0ikefc4OCDK254V7goy3Tv1vSsK6uD9a6DFmnmMnfIevOtZud275DFvH81aPhKr1jpzQXj7K5D9EFCeyKWW8a%2FJcth3eYeEbJ59btu0Xu3Yg0O1YRFTPcg%3D%3D","environmentVariables":{"FIREBASE_CONFIG":"{\"projectId\":\"iot-sample-358611\",\"storageBucket\":\"iot-sample-358611.appspot.com\",\"locationId\":\"europe-west\"}","GCLOUD_PROJECT":"iot-sample-358611"},"runtime":"nodejs16","dockerRegistry":"ARTIFACT_REGISTRY"},"versionId":"1","updateTime":"2022-08-09T17:48:51Z","buildId":"b404f85c-3b00-428f-a191-42214c02e2d4","sourceToken":"e289b215-b609-4765-913a-bfe64e80da32","buildName":"projects/397387907263/locations/us-central1/builds/b404f85c-3b00-428f-a191-42214c02e2d4"}}
[debug] [2022-08-08T17:50:58.683Z] Got source token e289b215-b609-4765-913a-bfe64e80da32 for region us-central1
[debug] [2022-08-08T17:51:08.685Z] [create-default-us-central1-createVideoThumb] Retrying task index 0
[debug] [2022-08-08T17:51:08.686Z] >>> [apiv2][query] GET https://cloudfunctions.googleapis.com/v1/operations/aW90LXNhbXBsZS0zNTg2MTEvdXMtY2VudHJhbDEvY3JlYXRlVmlkZW9UaHVtYi9wcEl0QW91akVqYw [none]
[debug] [2022-08-08T17:51:09.759Z] <<< [apiv2][status] GET https://cloudfunctions.googleapis.com/v1/operations/aW90LXNhbXBsZS0zNTg2MTEvdXMtY2VudHJhbDEvY3JlYXRlVmlkZW9UaHVtYi9wcEl0QW91akVqYw 200
[debug] [2022-08-08T17:51:09.759Z] <<< [apiv2][body] GET https://cloudfunctions.googleapis.com/v1/operations/aW90LXNhbXBsZS0zNTg2MTEvdXMtY2VudHJhbDEvY3JlYXRlVmlkZW9UaHVtYi9wcEl0QW91akVqYw {"name":"operations/aW90LXNhbXBsZS0zNTg2MTEvdXMtY2VudHJhbDEvY3JlYXRlVmlkZW9UaHVtYi9wcEl0QW91akVqYw","metadata":{"@type":"type.googleapis.com/google.cloud.functions.v1.OperationMetadataV1","target":"projects/iot-sample-358611/locations/us-central1/functions/createVideoThumb","type":"CREATE_FUNCTION","request":{"@type":"type.googleapis.com/google.cloud.functions.v1.CloudFunction","name":"projects/iot-sample-358611/locations/us-central1/functions/createVideoThumb","eventTrigger":{"eventType":"google.storage.object.finalize","resource":"projects/_/buckets/iot-sample-358611.appspot.com"},"entryPoint":"createVideoThumb","labels":{"deployment-tool":"cli-firebase"},"sourceUploadUrl":"https://storage.googleapis.com/uploads-812373794119.us-central1.cloudfunctions.appspot.com/65b48191-b7f9-41f7-8972-366652360c97.zip?GoogleAccessId=service-397387907263@gcf-admin-robot.iam.gserviceaccount.com&Expires=1660069129&Signature=EKkcQs668x5DldD%2Bz61eAoBTpKmcQOE28epygq3gvYaPNhk8Ex89l3%2FE6b0QyuSTXnfjxhF9SGhiv%2FfhC6njL3Ip0ZSc5%2B5I73E3iCU7X7%2BRRlHg8ci29gKhdk26BUYw1a%2FZjxqYDeZ8vViD0WJFeVchYrQsy4cbdGL0MH%2F9Ro%2BWVqjFs1XRgJ6EGvauF1Posci7l4EbS7OkuAZRoQCflAcIwRhzyR%2BO0ikefc4OCDK254V7goy3Tv1vSsK6uD9a6DFmnmMnfIevOtZud275DFvH81aPhKr1jpzQXj7K5D9EFCeyKWW8a%2FJcth3eYeEbJ59btu0Xu3Yg0O1YRFTPcg%3D%3D","environmentVariables":{"FIREBASE_CONFIG":"{\"projectId\":\"iot-sample-358611\",\"storageBucket\":\"iot-sample-358611.appspot.com\",\"locationId\":\"europe-west\"}","GCLOUD_PROJECT":"iot-sample-358611"},"runtime":"nodejs16","dockerRegistry":"ARTIFACT_REGISTRY"},"versionId":"1","updateTime":"2022-08-09T17:48:51Z","buildId":"b404f85c-3b00-428f-a191-42214c02e2d4","sourceToken":"e289b215-b609-4765-913a-bfe64e80da32","buildName":"projects/397387907263/locations/us-central1/builds/b404f85c-3b00-428f-a191-42214c02e2d4"}}
[debug] [2022-08-08T17:51:09.759Z] Got source token e289b215-b609-4765-913a-bfe64e80da32 for region us-central1
[debug] [2022-08-08T17:51:19.762Z] [create-default-us-central1-createVideoThumb] Retrying task index 0
[debug] [2022-08-08T17:51:19.762Z] >>> [apiv2][query] GET https://cloudfunctions.googleapis.com/v1/operations/aW90LXNhbXBsZS0zNTg2MTEvdXMtY2VudHJhbDEvY3JlYXRlVmlkZW9UaHVtYi9wcEl0QW91akVqYw [none]
[debug] [2022-08-08T17:51:20.459Z] <<< [apiv2][status] GET https://cloudfunctions.googleapis.com/v1/operations/aW90LXNhbXBsZS0zNTg2MTEvdXMtY2VudHJhbDEvY3JlYXRlVmlkZW9UaHVtYi9wcEl0QW91akVqYw 200
[debug] [2022-08-08T17:51:20.460Z] <<< [apiv2][body] GET https://cloudfunctions.googleapis.com/v1/operations/aW90LXNhbXBsZS0zNTg2MTEvdXMtY2VudHJhbDEvY3JlYXRlVmlkZW9UaHVtYi9wcEl0QW91akVqYw {"name":"operations/aW90LXNhbXBsZS0zNTg2MTEvdXMtY2VudHJhbDEvY3JlYXRlVmlkZW9UaHVtYi9wcEl0QW91akVqYw","metadata":{"@type":"type.googleapis.com/google.cloud.functions.v1.OperationMetadataV1","target":"projects/iot-sample-358611/locations/us-central1/functions/createVideoThumb","type":"CREATE_FUNCTION","request":{"@type":"type.googleapis.com/google.cloud.functions.v1.CloudFunction","name":"projects/iot-sample-358611/locations/us-central1/functions/createVideoThumb","eventTrigger":{"eventType":"google.storage.object.finalize","resource":"projects/_/buckets/iot-sample-358611.appspot.com"},"entryPoint":"createVideoThumb","labels":{"deployment-tool":"cli-firebase"},"sourceUploadUrl":"https://storage.googleapis.com/uploads-812373794119.us-central1.cloudfunctions.appspot.com/65b48191-b7f9-41f7-8972-366652360c97.zip?GoogleAccessId=service-397387907263@gcf-admin-robot.iam.gserviceaccount.com&Expires=1660069129&Signature=EKkcQs668x5DldD%2Bz61eAoBTpKmcQOE28epygq3gvYaPNhk8Ex89l3%2FE6b0QyuSTXnfjxhF9SGhiv%2FfhC6njL3Ip0ZSc5%2B5I73E3iCU7X7%2BRRlHg8ci29gKhdk26BUYw1a%2FZjxqYDeZ8vViD0WJFeVchYrQsy4cbdGL0MH%2F9Ro%2BWVqjFs1XRgJ6EGvauF1Posci7l4EbS7OkuAZRoQCflAcIwRhzyR%2BO0ikefc4OCDK254V7goy3Tv1vSsK6uD9a6DFmnmMnfIevOtZud275DFvH81aPhKr1jpzQXj7K5D9EFCeyKWW8a%2FJcth3eYeEbJ59btu0Xu3Yg0O1YRFTPcg%3D%3D","environmentVariables":{"FIREBASE_CONFIG":"{\"projectId\":\"iot-sample-358611\",\"storageBucket\":\"iot-sample-358611.appspot.com\",\"locationId\":\"europe-west\"}","GCLOUD_PROJECT":"iot-sample-358611"},"runtime":"nodejs16","dockerRegistry":"ARTIFACT_REGISTRY"},"versionId":"1","updateTime":"2022-08-09T17:48:51Z","buildId":"b404f85c-3b00-428f-a191-42214c02e2d4","sourceToken":"e289b215-b609-4765-913a-bfe64e80da32","buildName":"projects/397387907263/locations/us-central1/builds/b404f85c-3b00-428f-a191-42214c02e2d4"}}
[debug] [2022-08-08T17:51:20.460Z] Got source token e289b215-b609-4765-913a-bfe64e80da32 for region us-central1
[debug] [2022-08-08T17:51:30.472Z] [create-default-us-central1-createVideoThumb] Retrying task index 0
[debug] [2022-08-08T17:51:30.473Z] >>> [apiv2][query] GET https://cloudfunctions.googleapis.com/v1/operations/aW90LXNhbXBsZS0zNTg2MTEvdXMtY2VudHJhbDEvY3JlYXRlVmlkZW9UaHVtYi9wcEl0QW91akVqYw [none]
[debug] [2022-08-08T17:51:30.856Z] <<< [apiv2][status] GET https://cloudfunctions.googleapis.com/v1/operations/aW90LXNhbXBsZS0zNTg2MTEvdXMtY2VudHJhbDEvY3JlYXRlVmlkZW9UaHVtYi9wcEl0QW91akVqYw 200
[debug] [2022-08-08T17:51:30.856Z] <<< [apiv2][body] GET https://cloudfunctions.googleapis.com/v1/operations/aW90LXNhbXBsZS0zNTg2MTEvdXMtY2VudHJhbDEvY3JlYXRlVmlkZW9UaHVtYi9wcEl0QW91akVqYw {"name":"operations/aW90LXNhbXBsZS0zNTg2MTEvdXMtY2VudHJhbDEvY3JlYXRlVmlkZW9UaHVtYi9wcEl0QW91akVqYw","metadata":{"@type":"type.googleapis.com/google.cloud.functions.v1.OperationMetadataV1","target":"projects/iot-sample-358611/locations/us-central1/functions/createVideoThumb","type":"CREATE_FUNCTION","request":{"@type":"type.googleapis.com/google.cloud.functions.v1.CloudFunction","name":"projects/iot-sample-358611/locations/us-central1/functions/createVideoThumb","eventTrigger":{"eventType":"google.storage.object.finalize","resource":"projects/_/buckets/iot-sample-358611.appspot.com"},"entryPoint":"createVideoThumb","labels":{"deployment-tool":"cli-firebase"},"sourceUploadUrl":"https://storage.googleapis.com/uploads-812373794119.us-central1.cloudfunctions.appspot.com/65b48191-b7f9-41f7-8972-366652360c97.zip?GoogleAccessId=service-397387907263@gcf-admin-robot.iam.gserviceaccount.com&Expires=1660069129&Signature=EKkcQs668x5DldD%2Bz61eAoBTpKmcQOE28epygq3gvYaPNhk8Ex89l3%2FE6b0QyuSTXnfjxhF9SGhiv%2FfhC6njL3Ip0ZSc5%2B5I73E3iCU7X7%2BRRlHg8ci29gKhdk26BUYw1a%2FZjxqYDeZ8vViD0WJFeVchYrQsy4cbdGL0MH%2F9Ro%2BWVqjFs1XRgJ6EGvauF1Posci7l4EbS7OkuAZRoQCflAcIwRhzyR%2BO0ikefc4OCDK254V7goy3Tv1vSsK6uD9a6DFmnmMnfIevOtZud275DFvH81aPhKr1jpzQXj7K5D9EFCeyKWW8a%2FJcth3eYeEbJ59btu0Xu3Yg0O1YRFTPcg%3D%3D","environmentVariables":{"FIREBASE_CONFIG":"{\"projectId\":\"iot-sample-358611\",\"storageBucket\":\"iot-sample-358611.appspot.com\",\"locationId\":\"europe-west\"}","GCLOUD_PROJECT":"iot-sample-358611"},"runtime":"nodejs16","dockerRegistry":"ARTIFACT_REGISTRY"},"versionId":"1","updateTime":"2022-08-09T17:48:51Z","buildId":"b404f85c-3b00-428f-a191-42214c02e2d4","sourceToken":"e289b215-b609-4765-913a-bfe64e80da32","buildName":"projects/397387907263/locations/us-central1/builds/b404f85c-3b00-428f-a191-42214c02e2d4"}}
[debug] [2022-08-08T17:51:30.856Z] Got source token e289b215-b609-4765-913a-bfe64e80da32 for region us-central1
[debug] [2022-08-08T17:51:40.861Z] [create-default-us-central1-createVideoThumb] Retrying task index 0
[debug] [2022-08-08T17:51:40.861Z] >>> [apiv2][query] GET https://cloudfunctions.googleapis.com/v1/operations/aW90LXNhbXBsZS0zNTg2MTEvdXMtY2VudHJhbDEvY3JlYXRlVmlkZW9UaHVtYi9wcEl0QW91akVqYw [none]
[debug] [2022-08-08T17:51:41.237Z] <<< [apiv2][status] GET https://cloudfunctions.googleapis.com/v1/operations/aW90LXNhbXBsZS0zNTg2MTEvdXMtY2VudHJhbDEvY3JlYXRlVmlkZW9UaHVtYi9wcEl0QW91akVqYw 200
[debug] [2022-08-08T17:51:41.237Z] <<< [apiv2][body] GET https://cloudfunctions.googleapis.com/v1/operations/aW90LXNhbXBsZS0zNTg2MTEvdXMtY2VudHJhbDEvY3JlYXRlVmlkZW9UaHVtYi9wcEl0QW91akVqYw {"name":"operations/aW90LXNhbXBsZS0zNTg2MTEvdXMtY2VudHJhbDEvY3JlYXRlVmlkZW9UaHVtYi9wcEl0QW91akVqYw","metadata":{"@type":"type.googleapis.com/google.cloud.functions.v1.OperationMetadataV1","target":"projects/iot-sample-358611/locations/us-central1/functions/createVideoThumb","type":"CREATE_FUNCTION","request":{"@type":"type.googleapis.com/google.cloud.functions.v1.CloudFunction","name":"projects/iot-sample-358611/locations/us-central1/functions/createVideoThumb","eventTrigger":{"eventType":"google.storage.object.finalize","resource":"projects/_/buckets/iot-sample-358611.appspot.com"},"entryPoint":"createVideoThumb","labels":{"deployment-tool":"cli-firebase"},"sourceUploadUrl":"https://storage.googleapis.com/uploads-812373794119.us-central1.cloudfunctions.appspot.com/65b48191-b7f9-41f7-8972-366652360c97.zip?GoogleAccessId=service-397387907263@gcf-admin-robot.iam.gserviceaccount.com&Expires=1660069129&Signature=EKkcQs668x5DldD%2Bz61eAoBTpKmcQOE28epygq3gvYaPNhk8Ex89l3%2FE6b0QyuSTXnfjxhF9SGhiv%2FfhC6njL3Ip0ZSc5%2B5I73E3iCU7X7%2BRRlHg8ci29gKhdk26BUYw1a%2FZjxqYDeZ8vViD0WJFeVchYrQsy4cbdGL0MH%2F9Ro%2BWVqjFs1XRgJ6EGvauF1Posci7l4EbS7OkuAZRoQCflAcIwRhzyR%2BO0ikefc4OCDK254V7goy3Tv1vSsK6uD9a6DFmnmMnfIevOtZud275DFvH81aPhKr1jpzQXj7K5D9EFCeyKWW8a%2FJcth3eYeEbJ59btu0Xu3Yg0O1YRFTPcg%3D%3D","environmentVariables":{"FIREBASE_CONFIG":"{\"projectId\":\"iot-sample-358611\",\"storageBucket\":\"iot-sample-358611.appspot.com\",\"locationId\":\"europe-west\"}","GCLOUD_PROJECT":"iot-sample-358611"},"runtime":"nodejs16","dockerRegistry":"ARTIFACT_REGISTRY"},"versionId":"1","updateTime":"2022-08-09T17:48:51Z","buildId":"b404f85c-3b00-428f-a191-42214c02e2d4","sourceToken":"e289b215-b609-4765-913a-bfe64e80da32","buildName":"projects/397387907263/locations/us-central1/builds/b404f85c-3b00-428f-a191-42214c02e2d4"}}
[debug] [2022-08-08T17:51:41.237Z] Got source token e289b215-b609-4765-913a-bfe64e80da32 for region us-central1
[debug] [2022-08-08T17:51:51.244Z] [create-default-us-central1-createVideoThumb] Retrying task index 0
[debug] [2022-08-08T17:51:51.245Z] >>> [apiv2][query] GET https://cloudfunctions.googleapis.com/v1/operations/aW90LXNhbXBsZS0zNTg2MTEvdXMtY2VudHJhbDEvY3JlYXRlVmlkZW9UaHVtYi9wcEl0QW91akVqYw [none]
[debug] [2022-08-08T17:51:51.681Z] <<< [apiv2][status] GET https://cloudfunctions.googleapis.com/v1/operations/aW90LXNhbXBsZS0zNTg2MTEvdXMtY2VudHJhbDEvY3JlYXRlVmlkZW9UaHVtYi9wcEl0QW91akVqYw 200
[debug] [2022-08-08T17:51:51.682Z] <<< [apiv2][body] GET https://cloudfunctions.googleapis.com/v1/operations/aW90LXNhbXBsZS0zNTg2MTEvdXMtY2VudHJhbDEvY3JlYXRlVmlkZW9UaHVtYi9wcEl0QW91akVqYw {"name":"operations/aW90LXNhbXBsZS0zNTg2MTEvdXMtY2VudHJhbDEvY3JlYXRlVmlkZW9UaHVtYi9wcEl0QW91akVqYw","metadata":{"@type":"type.googleapis.com/google.cloud.functions.v1.OperationMetadataV1","target":"projects/iot-sample-358611/locations/us-central1/functions/createVideoThumb","type":"CREATE_FUNCTION","request":{"@type":"type.googleapis.com/google.cloud.functions.v1.CloudFunction","name":"projects/iot-sample-358611/locations/us-central1/functions/createVideoThumb","eventTrigger":{"eventType":"google.storage.object.finalize","resource":"projects/_/buckets/iot-sample-358611.appspot.com"},"entryPoint":"createVideoThumb","labels":{"deployment-tool":"cli-firebase"},"sourceUploadUrl":"https://storage.googleapis.com/uploads-812373794119.us-central1.cloudfunctions.appspot.com/65b48191-b7f9-41f7-8972-366652360c97.zip?GoogleAccessId=service-397387907263@gcf-admin-robot.iam.gserviceaccount.com&Expires=1660069129&Signature=EKkcQs668x5DldD%2Bz61eAoBTpKmcQOE28epygq3gvYaPNhk8Ex89l3%2FE6b0QyuSTXnfjxhF9SGhiv%2FfhC6njL3Ip0ZSc5%2B5I73E3iCU7X7%2BRRlHg8ci29gKhdk26BUYw1a%2FZjxqYDeZ8vViD0WJFeVchYrQsy4cbdGL0MH%2F9Ro%2BWVqjFs1XRgJ6EGvauF1Posci7l4EbS7OkuAZRoQCflAcIwRhzyR%2BO0ikefc4OCDK254V7goy3Tv1vSsK6uD9a6DFmnmMnfIevOtZud275DFvH81aPhKr1jpzQXj7K5D9EFCeyKWW8a%2FJcth3eYeEbJ59btu0Xu3Yg0O1YRFTPcg%3D%3D","environmentVariables":{"FIREBASE_CONFIG":"{\"projectId\":\"iot-sample-358611\",\"storageBucket\":\"iot-sample-358611.appspot.com\",\"locationId\":\"europe-west\"}","GCLOUD_PROJECT":"iot-sample-358611"},"runtime":"nodejs16","dockerRegistry":"ARTIFACT_REGISTRY"},"versionId":"1","updateTime":"2022-08-09T17:51:52Z","buildId":"b404f85c-3b00-428f-a191-42214c02e2d4","sourceToken":"e289b215-b609-4765-913a-bfe64e80da32","buildName":"projects/397387907263/locations/us-central1/builds/b404f85c-3b00-428f-a191-42214c02e2d4"},"done":true,"error":{"code":3,"message":"Function failed on loading user code. This is likely due to a bug in the user code. Error message: Error: please examine your function logs to see the error cause: https://cloud.google.com/functions/docs/monitoring/logging#viewing_logs. Additional troubleshooting documentation can be found at https://cloud.google.com/functions/docs/troubleshooting#logging. Please visit https://cloud.google.com/functions/docs/troubleshooting for in-depth troubleshooting documentation."}}
[debug] [2022-08-08T17:51:51.682Z] Got source token e289b215-b609-4765-913a-bfe64e80da32 for region us-central1
[error] Function failed on loading user code. This is likely due to a bug in the user code. Error message: Error: please examine your function logs to see the error cause: https://cloud.google.com/functions/docs/monitoring/logging#viewing_logs. Additional troubleshooting documentation can be found at https://cloud.google.com/functions/docs/troubleshooting#logging. Please visit https://cloud.google.com/functions/docs/troubleshooting for in-depth troubleshooting documentation.
[debug] [2022-08-08T17:51:51.688Z] Total Function Deployment time: 184514
[debug] [2022-08-08T17:51:51.688Z] 1 Functions Deployed
[debug] [2022-08-08T17:51:51.688Z] 1 Functions Errored
[debug] [2022-08-08T17:51:51.688Z] 0 Function Deployments Aborted
[debug] [2022-08-08T17:51:51.688Z] Average Function Deployment time: 184513
[info] 
[info] Functions deploy had errors with the following functions:
	createVideoThumb(us-central1)
[info] i  functions: cleaning up build files... 
[debug] [2022-08-08T17:51:51.981Z] >>> [apiv2][query] DELETE https://artifactregistry.googleapis.com/v1beta2/projects/iot-sample-358611/locations/us-central1/repositories/gcf-artifacts/packages/create_video_thumb [none]
[debug] [2022-08-08T17:51:51.983Z] >>> [apiv2][query] GET https://us.gcr.io/v2/iot-sample-358611/gcf/us-central1/tags/list [none]
[debug] [2022-08-08T17:51:52.924Z] <<< [apiv2][status] DELETE https://artifactregistry.googleapis.com/v1beta2/projects/iot-sample-358611/locations/us-central1/repositories/gcf-artifacts/packages/create_video_thumb 200
[debug] [2022-08-08T17:51:52.924Z] <<< [apiv2][body] DELETE https://artifactregistry.googleapis.com/v1beta2/projects/iot-sample-358611/locations/us-central1/repositories/gcf-artifacts/packages/create_video_thumb {"name":"projects/iot-sample-358611/locations/us-central1/operations/2174ee2a-89f8-4935-be21-c995142fe3d3","metadata":{"@type":"type.googleapis.com/google.devtools.artifactregistry.v1beta2.OperationMetadata"}}
[debug] [2022-08-08T17:51:52.924Z] >>> [apiv2][query] GET https://artifactregistry.googleapis.com/v1beta2/projects/iot-sample-358611/locations/us-central1/operations/2174ee2a-89f8-4935-be21-c995142fe3d3 [none]
[debug] [2022-08-08T17:51:53.788Z] <<< [apiv2][status] GET https://artifactregistry.googleapis.com/v1beta2/projects/iot-sample-358611/locations/us-central1/operations/2174ee2a-89f8-4935-be21-c995142fe3d3 200
[debug] [2022-08-08T17:51:53.788Z] <<< [apiv2][body] GET https://artifactregistry.googleapis.com/v1beta2/projects/iot-sample-358611/locations/us-central1/operations/2174ee2a-89f8-4935-be21-c995142fe3d3 {"name":"projects/iot-sample-358611/locations/us-central1/operations/2174ee2a-89f8-4935-be21-c995142fe3d3","metadata":{"@type":"type.googleapis.com/google.devtools.artifactregistry.v1beta2.OperationMetadata"},"done":true,"response":{"@type":"type.googleapis.com/google.protobuf.Empty"}}
[debug] [2022-08-08T17:51:53.949Z] <<< [apiv2][status] GET https://us.gcr.io/v2/iot-sample-358611/gcf/us-central1/tags/list 200
[debug] [2022-08-08T17:51:53.949Z] <<< [apiv2][body] GET https://us.gcr.io/v2/iot-sample-358611/gcf/us-central1/tags/list {"child":[],"manifest":{},"name":"iot-sample-358611/gcf/us-central1","tags":[]}
[debug] [2022-08-08T17:51:53.949Z] Could not find image for function projects/iot-sample-358611/locations/us-central1/functions/createVideoThumb
[debug] [2022-08-08T17:51:53.950Z] Functions deploy failed.
[debug] [2022-08-08T17:51:53.950Z] {
  "endpoint": {
    "id": "createVideoThumb",
    "project": "iot-sample-358611",
    "region": "us-central1",
    "entryPoint": "createVideoThumb",
    "platform": "gcfv1",
    "runtime": "nodejs16",
    "eventTrigger": {
      "eventType": "google.storage.object.finalize",
      "retry": false,
      "eventFilters": {
        "resource": "projects/_/buckets/iot-sample-358611.appspot.com"
      }
    },
    "labels": {
      "deployment-tool": "cli-firebase"
    },
    "environmentVariables": {
      "FIREBASE_CONFIG": "{\"projectId\":\"iot-sample-358611\",\"storageBucket\":\"iot-sample-358611.appspot.com\",\"locationId\":\"europe-west\"}",
      "GCLOUD_PROJECT": "iot-sample-358611"
    },
    "codebase": "default"
  },
  "op": "create",
  "original": {
    "name": "FirebaseError",
    "children": [],
    "exit": 1,
    "message": "Function failed on loading user code. This is likely due to a bug in the user code. Error message: Error: please examine your function logs to see the error cause: https://cloud.google.com/functions/docs/monitoring/logging#viewing_logs. Additional troubleshooting documentation can be found at https://cloud.google.com/functions/docs/troubleshooting#logging. Please visit https://cloud.google.com/functions/docs/troubleshooting for in-depth troubleshooting documentation.",
    "status": 3
  }
}
[debug] [2022-08-08T17:51:54.163Z] Error: Failed to create function createVideoThumb in region us-central1
    at C:\Users\mohamed\AppData\Roaming\npm\node_modules\firebase-tools\lib\deploy\functions\release\fabricator.js:41:11
    at processTicksAndRejections (node:internal/process/task_queues:96:5)
    at async Fabricator.createV1Function (C:\Users\mohamed\AppData\Roaming\npm\node_modules\firebase-tools\lib\deploy\functions\release\fabricator.js:167:32)
    at async Fabricator.createEndpoint (C:\Users\mohamed\AppData\Roaming\npm\node_modules\firebase-tools\lib\deploy\functions\release\fabricator.js:118:13)
    at async handle (C:\Users\mohamed\AppData\Roaming\npm\node_modules\firebase-tools\lib\deploy\functions\release\fabricator.js:77:17)
[error] 
[error] Error: There was an error deploying functions
